TN:
SF:src\app.ts
FN:34,(anonymous_1)
FN:61,(anonymous_2)
FN:66,(anonymous_3)
FN:98,(anonymous_4)
FN:106,(anonymous_5)
FNF:5
FNH:3
FNDA:17,(anonymous_1)
FNDA:17,(anonymous_2)
FNDA:0,(anonymous_3)
FNDA:0,(anonymous_4)
FNDA:3,(anonymous_5)
DA:1,2
DA:2,2
DA:3,2
DA:4,2
DA:5,2
DA:6,2
DA:7,2
DA:8,2
DA:9,2
DA:10,2
DA:11,2
DA:12,2
DA:13,2
DA:14,2
DA:15,2
DA:16,2
DA:17,2
DA:18,2
DA:19,2
DA:20,2
DA:21,2
DA:22,2
DA:24,2
DA:27,2
DA:30,2
DA:31,2
DA:32,2
DA:34,17
DA:37,2
DA:46,2
DA:52,2
DA:55,2
DA:56,2
DA:61,2
DA:62,17
DA:63,17
DA:64,17
DA:65,17
DA:66,17
DA:67,0
DA:69,17
DA:71,17
DA:73,2
DA:75,2
DA:76,2
DA:82,2
DA:89,2
DA:90,2
DA:93,2
DA:96,2
DA:97,2
DA:98,2
DA:99,0
DA:100,0
DA:104,2
DA:106,2
DA:107,3
DA:110,2
DA:111,2
DA:113,2
LF:60
LH:57
BRDA:33,0,0,0
BRDA:33,0,1,2
BRDA:62,1,0,1
BRDA:62,1,1,16
BRDA:63,2,0,17
BRDA:63,2,1,0
BRDA:64,3,0,17
BRDA:64,3,1,0
BRDA:78,4,0,2
BRDA:78,4,1,0
BRDA:96,5,0,2
BRDA:96,5,1,0
BRF:12
BRH:7
end_of_record
TN:
SF:src\server.ts
FN:16,main
FN:36,(anonymous_2)
FN:46,(anonymous_3)
FN:49,(anonymous_4)
FN:60,(anonymous_5)
FN:61,(anonymous_6)
FN:63,(anonymous_7)
FN:68,(anonymous_8)
FNF:8
FNH:0
FNDA:0,main
FNDA:0,(anonymous_2)
FNDA:0,(anonymous_3)
FNDA:0,(anonymous_4)
FNDA:0,(anonymous_5)
FNDA:0,(anonymous_6)
FNDA:0,(anonymous_7)
FNDA:0,(anonymous_8)
DA:1,0
DA:2,0
DA:3,0
DA:4,0
DA:5,0
DA:6,0
DA:7,0
DA:8,0
DA:9,0
DA:10,0
DA:11,0
DA:12,0
DA:17,0
DA:18,0
DA:19,0
DA:21,0
DA:22,0
DA:23,0
DA:26,0
DA:27,0
DA:29,0
DA:30,0
DA:34,0
DA:36,0
DA:37,0
DA:40,0
DA:41,0
DA:44,0
DA:46,0
DA:47,0
DA:48,0
DA:49,0
DA:50,0
DA:51,0
DA:52,0
DA:53,0
DA:56,0
DA:60,0
DA:61,0
DA:63,0
DA:64,0
DA:65,0
DA:68,0
DA:69,0
DA:70,0
LF:45
LH:0
BRDA:48,0,0,0
BRDA:48,0,1,0
BRF:2
BRH:0
end_of_record
TN:
SF:src\app\constants.ts
FNF:0
FNH:0
DA:1,7
DA:19,7
DA:22,7
DA:34,7
DA:42,7
DA:45,7
DA:52,7
DA:61,7
DA:63,7
DA:65,7
DA:75,7
DA:94,7
DA:116,7
DA:117,7
DA:118,7
DA:123,7
DA:126,7
DA:145,7
DA:159,7
LF:19
LH:19
BRF:0
BRH:0
end_of_record
TN:
SF:src\app\config\cloudinary.config.ts
FN:13,(anonymous_1)
FN:18,(anonymous_2)
FN:23,(anonymous_3)
FN:40,(anonymous_4)
FN:47,(anonymous_5)
FNF:5
FNH:0
FNDA:0,(anonymous_1)
FNDA:0,(anonymous_2)
FNDA:0,(anonymous_3)
FNDA:0,(anonymous_4)
FNDA:0,(anonymous_5)
DA:2,2
DA:3,2
DA:4,2
DA:5,2
DA:7,2
DA:13,2
DA:17,0
DA:18,0
DA:19,0
DA:20,0
DA:24,0
DA:25,0
DA:31,0
DA:40,2
DA:41,0
DA:42,0
DA:43,0
DA:44,0
DA:47,2
DA:48,0
DA:49,0
DA:50,0
DA:51,0
DA:53,0
DA:60,2
LF:25
LH:9
BRDA:24,0,0,0
BRDA:24,0,1,0
BRDA:42,1,0,0
BRDA:42,1,1,0
BRDA:43,2,0,0
BRDA:43,2,1,0
BRDA:50,3,0,0
BRDA:50,3,1,0
BRF:8
BRH:0
end_of_record
TN:
SF:src\app\config\index.ts
FN:120,(anonymous_0)
FN:133,(anonymous_1)
FNF:2
FNH:1
FNDA:0,(anonymous_0)
FNDA:5,(anonymous_1)
DA:1,5
DA:2,5
DA:4,5
DA:117,5
DA:119,5
DA:120,0
DA:122,0
DA:123,0
DA:126,5
DA:132,5
DA:133,5
DA:136,5
DA:140,5
LF:13
LH:10
BRDA:119,0,0,0
BRDA:119,0,1,5
BRDA:136,1,0,5
BRDA:136,1,1,5
BRDA:136,1,2,0
BRDA:196,2,0,5
BRDA:196,2,1,5
BRDA:196,2,2,0
BRDA:199,3,0,5
BRDA:199,3,1,0
BRF:10
BRH:6
end_of_record
TN:
SF:src\app\config\multer.config.ts
FN:10,(anonymous_1)
FNF:1
FNH:0
FNDA:0,(anonymous_1)
DA:1,2
DA:2,2
DA:3,2
DA:4,2
DA:6,2
DA:8,2
DA:11,0
DA:18,0
DA:26,2
LF:9
LH:7
BRF:0
BRH:0
end_of_record
TN:
SF:src\app\config\passport.ts
FN:19,(anonymous_1)
FN:67,(anonymous_2)
FN:137,(anonymous_3)
FN:145,(anonymous_4)
FNF:4
FNH:0
FNDA:0,(anonymous_1)
FNDA:0,(anonymous_2)
FNDA:0,(anonymous_3)
FNDA:0,(anonymous_4)
DA:1,2
DA:3,2
DA:4,2
DA:9,2
DA:10,2
DA:11,2
DA:12,2
DA:13,2
DA:14,2
DA:16,2
DA:20,0
DA:21,0
DA:22,0
DA:23,0
DA:25,0
DA:26,0
DA:28,0
DA:29,0
DA:31,0
DA:32,0
DA:34,0
DA:35,0
DA:41,0
DA:42,0
DA:43,0
DA:46,0
DA:48,0
DA:55,2
DA:56,2
DA:57,2
DA:59,2
DA:60,0
DA:73,0
DA:74,0
DA:75,0
DA:77,0
DA:82,0
DA:83,0
DA:84,0
DA:85,0
DA:86,0
DA:88,0
DA:89,0
DA:91,0
DA:94,0
DA:96,0
DA:97,0
DA:98,0
DA:100,0
DA:101,0
DA:108,0
DA:112,0
DA:122,0
DA:128,0
DA:130,0
DA:137,2
DA:138,0
DA:139,0
DA:140,0
DA:142,0
DA:145,2
DA:146,0
DA:147,0
DA:148,0
DA:150,0
LF:65
LH:16
BRDA:22,0,0,0
BRDA:22,0,1,0
BRDA:25,1,0,0
BRDA:25,1,1,0
BRDA:28,2,0,0
BRDA:28,2,1,0
BRDA:31,3,0,0
BRDA:31,3,1,0
BRDA:34,4,0,0
BRDA:34,4,1,0
BRDA:42,5,0,0
BRDA:42,5,1,0
BRDA:59,6,0,0
BRDA:59,6,1,2
BRDA:59,7,0,2
BRDA:59,7,1,0
BRDA:59,7,2,0
BRDA:75,8,0,0
BRDA:75,8,1,0
BRDA:82,9,0,0
BRDA:82,9,1,0
BRDA:84,10,0,0
BRDA:84,10,1,0
BRDA:85,11,0,0
BRDA:85,11,1,0
BRDA:88,12,0,0
BRDA:88,12,1,0
BRDA:96,13,0,0
BRDA:96,13,1,0
BRDA:97,14,0,0
BRDA:97,14,1,0
BRDA:100,15,0,0
BRDA:100,15,1,0
BRDA:109,16,0,0
BRDA:109,16,1,0
BRDA:116,17,0,0
BRDA:116,17,1,0
BRDA:139,18,0,0
BRDA:139,18,1,0
BRF:39
BRH:2
end_of_record
TN:
SF:src\app\config\redis.config.ts
FN:44,(anonymous_0)
FN:51,(anonymous_1)
FN:63,(anonymous_2)
FN:67,(anonymous_3)
FN:78,(anonymous_4)
FNF:5
FNH:1
FNDA:4,(anonymous_0)
FNDA:0,(anonymous_1)
FNDA:0,(anonymous_2)
FNDA:0,(anonymous_3)
FNDA:0,(anonymous_4)
DA:1,4
DA:2,4
DA:3,4
DA:22,4
DA:44,4
DA:48,4
DA:51,4
DA:52,0
DA:53,0
DA:54,0
DA:56,0
DA:63,4
DA:67,4
DA:68,0
DA:69,0
DA:70,0
DA:74,4
DA:76,4
DA:78,4
DA:79,0
DA:80,0
DA:81,0
LF:22
LH:12
BRDA:23,0,0,4
BRDA:23,0,1,0
BRDA:24,1,0,4
BRDA:24,1,1,0
BRDA:26,2,0,4
BRDA:26,2,1,0
BRDA:27,3,0,4
BRDA:27,3,1,0
BRDA:52,4,0,0
BRDA:52,4,1,0
BRDA:52,4,2,0
BRDA:53,5,0,0
BRDA:53,5,1,0
BRDA:68,6,0,0
BRDA:68,6,1,0
BRDA:79,7,0,0
BRDA:79,7,1,0
BRF:17
BRH:4
end_of_record
TN:
SF:src\app\config\swagger.config.ts
FNF:0
FNH:0
DA:1,2
DA:2,2
DA:4,2
DA:224,2
LF:4
LH:4
BRF:0
BRH:0
end_of_record
TN:
SF:src\app\errorHelpers\AppError.ts
FN:4,(anonymous_0)
FNF:1
FNH:1
FNDA:17,(anonymous_0)
DA:5,17
DA:6,17
DA:8,17
DA:9,0
DA:11,17
DA:16,5
LF:6
LH:5
BRDA:4,0,0,17
BRDA:8,1,0,0
BRDA:8,1,1,17
BRF:3
BRH:2
end_of_record
TN:
SF:src\app\helpers\handleCastError.ts
FN:5,(anonymous_0)
FNF:1
FNH:0
FNDA:0,(anonymous_0)
DA:5,2
DA:8,0
LF:2
LH:1
BRF:0
BRH:0
end_of_record
TN:
SF:src\app\helpers\handlerDuplicateError.ts
FN:4,(anonymous_0)
FNF:1
FNH:0
FNDA:0,(anonymous_0)
DA:4,2
DA:5,0
DA:7,0
LF:3
LH:1
BRF:0
BRH:0
end_of_record
TN:
SF:src\app\helpers\handlerValidationError.ts
FN:8,(anonymous_0)
FN:15,(anonymous_1)
FNF:2
FNH:0
FNDA:0,(anonymous_0)
FNDA:0,(anonymous_1)
DA:8,2
DA:11,0
DA:13,0
DA:15,0
DA:16,0
DA:22,0
LF:6
LH:1
BRF:0
BRH:0
end_of_record
TN:
SF:src\app\helpers\handlerZodError.ts
FN:7,(anonymous_0)
FN:10,(anonymous_1)
FNF:2
FNH:0
FNDA:0,(anonymous_0)
FNDA:0,(anonymous_1)
DA:7,2
DA:8,0
DA:10,0
DA:11,0
DA:20,0
LF:5
LH:1
BRF:0
BRH:0
end_of_record
TN:
SF:src\app\jobs\index.ts
FN:76,(anonymous_1)
FN:77,(anonymous_2)
FN:78,(anonymous_3)
FN:106,(anonymous_4)
FN:107,(anonymous_5)
FN:108,(anonymous_6)
FN:159,(anonymous_7)
FN:160,(anonymous_8)
FN:161,(anonymous_9)
FN:203,(anonymous_10)
FN:204,(anonymous_11)
FN:205,(anonymous_12)
FN:219,(anonymous_13)
FNF:13
FNH:0
FNDA:0,(anonymous_1)
FNDA:0,(anonymous_2)
FNDA:0,(anonymous_3)
FNDA:0,(anonymous_4)
FNDA:0,(anonymous_5)
FNDA:0,(anonymous_6)
FNDA:0,(anonymous_7)
FNDA:0,(anonymous_8)
FNDA:0,(anonymous_9)
FNDA:0,(anonymous_10)
FNDA:0,(anonymous_11)
FNDA:0,(anonymous_12)
FNDA:0,(anonymous_13)
DA:1,0
DA:2,0
DA:3,0
DA:4,0
DA:8,0
DA:9,0
DA:10,0
DA:11,0
DA:12,0
DA:13,0
DA:14,0
DA:15,0
DA:74,0
DA:76,0
DA:77,0
DA:78,0
DA:79,0
DA:80,0
DA:81,0
DA:82,0
DA:83,0
DA:88,0
DA:106,0
DA:107,0
DA:108,0
DA:109,0
DA:110,0
DA:111,0
DA:113,0
DA:121,0
DA:122,0
DA:123,0
DA:126,0
DA:129,0
DA:131,0
DA:138,0
DA:142,0
DA:146,0
DA:159,0
DA:160,0
DA:161,0
DA:162,0
DA:163,0
DA:165,0
DA:166,0
DA:167,0
DA:168,0
DA:169,0
DA:171,0
DA:172,0
DA:174,0
DA:181,0
DA:182,0
DA:186,0
DA:203,0
DA:204,0
DA:205,0
DA:206,0
DA:207,0
DA:210,0
DA:211,0
DA:214,0
DA:219,0
DA:220,0
DA:221,0
DA:222,0
DA:223,0
DA:224,0
LF:68
LH:0
BRDA:81,0,0,0
BRDA:81,0,1,0
BRDA:129,1,0,0
BRDA:129,1,1,0
BRDA:169,2,0,0
BRDA:169,2,1,0
BRDA:210,3,0,0
BRDA:210,3,1,0
BRF:8
BRH:0
end_of_record
TN:
SF:src\app\middlewares\checkAuth.ts
FN:10,(anonymous_1)
FN:11,(anonymous_2)
FN:49,(anonymous_3)
FNF:3
FNH:2
FNDA:150,(anonymous_1)
FNDA:11,(anonymous_2)
FNDA:0,(anonymous_3)
DA:2,2
DA:4,2
DA:5,2
DA:6,2
DA:7,2
DA:9,2
DA:10,2
DA:11,150
DA:12,11
DA:13,11
DA:15,11
DA:16,11
DA:19,0
DA:24,0
DA:26,0
DA:27,0
DA:29,0
DA:30,0
DA:32,0
DA:33,0
DA:35,0
DA:36,0
DA:38,0
DA:39,0
DA:42,0
DA:43,0
DA:45,11
DA:49,2
DA:54,0
DA:55,0
DA:56,0
DA:57,0
DA:59,0
DA:60,0
DA:61,0
DA:63,0
LF:36
LH:14
BRDA:15,0,0,11
BRDA:15,0,1,0
BRDA:26,1,0,0
BRDA:26,1,1,0
BRDA:29,2,0,0
BRDA:29,2,1,0
BRDA:32,3,0,0
BRDA:32,3,1,0
BRDA:35,4,0,0
BRDA:35,4,1,0
BRDA:38,5,0,0
BRDA:38,5,1,0
BRDA:56,6,0,0
BRDA:56,6,1,0
BRF:14
BRH:1
end_of_record
TN:
SF:src\app\middlewares\checkEntitlement.ts
FN:25,(anonymous_1)
FN:57,(anonymous_2)
FN:82,(anonymous_3)
FNF:3
FNH:0
FNDA:0,(anonymous_1)
FNDA:0,(anonymous_2)
FNDA:0,(anonymous_3)
DA:2,2
DA:4,2
DA:5,2
DA:6,2
DA:7,2
DA:25,2
DA:30,0
DA:31,0
DA:32,0
DA:34,0
DA:36,0
DA:37,0
DA:43,0
DA:45,0
DA:57,2
DA:62,0
DA:63,0
DA:65,0
DA:66,0
DA:68,0
DA:69,0
DA:75,0
DA:77,0
DA:82,2
DA:87,0
DA:88,0
DA:89,0
DA:91,0
DA:92,0
DA:98,0
DA:100,0
LF:31
LH:8
BRDA:34,0,0,0
BRDA:34,0,1,0
BRDA:36,1,0,0
BRDA:36,1,1,0
BRDA:36,2,0,0
BRDA:36,2,1,0
BRDA:63,3,0,0
BRDA:63,3,1,0
BRDA:68,4,0,0
BRDA:68,4,1,0
BRDA:91,5,0,0
BRDA:91,5,1,0
BRF:12
BRH:0
end_of_record
TN:
SF:src\app\middlewares\globalErrorHandler.ts
FN:14,(anonymous_1)
FN:16,(anonymous_2)
FN:37,(anonymous_3)
FNF:3
FNH:1
FNDA:0,(anonymous_1)
FNDA:11,(anonymous_2)
FNDA:0,(anonymous_3)
DA:4,2
DA:5,2
DA:6,2
DA:7,2
DA:8,2
DA:9,2
DA:10,2
DA:11,2
DA:14,2
DA:16,2
DA:22,11
DA:23,0
DA:27,11
DA:28,0
DA:31,11
DA:32,0
DA:36,0
DA:37,0
DA:41,11
DA:42,11
DA:43,11
DA:45,11
DA:46,0
DA:47,0
DA:48,0
DA:49,11
DA:50,0
DA:51,0
DA:52,0
DA:53,11
DA:54,0
DA:55,0
DA:56,0
DA:57,0
DA:58,11
DA:59,0
DA:60,0
DA:61,0
DA:62,0
DA:63,11
DA:64,11
DA:65,11
DA:66,0
DA:67,0
DA:70,11
DA:71,11
DA:72,0
DA:73,0
DA:75,11
LF:49
LH:26
BRDA:22,0,0,0
BRDA:22,0,1,11
BRDA:27,1,0,0
BRDA:27,1,1,11
BRDA:31,2,0,0
BRDA:31,2,1,11
BRDA:32,3,0,0
BRDA:32,3,1,0
BRDA:45,4,0,0
BRDA:45,4,1,11
BRDA:49,5,0,0
BRDA:49,5,1,11
BRDA:53,6,0,0
BRDA:53,6,1,11
BRDA:58,7,0,0
BRDA:58,7,1,11
BRDA:63,8,0,11
BRDA:63,8,1,0
BRDA:66,9,0,0
BRDA:66,9,1,0
BRDA:71,10,0,0
BRDA:71,10,1,11
BRF:22
BRH:9
end_of_record
TN:
SF:src\app\middlewares\notFound.ts
FN:5,notFound
FNF:1
FNH:1
FNDA:1,notFound
DA:3,2
DA:5,2
DA:11,1
LF:3
LH:3
BRF:0
BRH:0
end_of_record
TN:
SF:src\app\middlewares\rateLimiter.ts
FNF:0
FNH:0
DA:1,2
DA:3,2
DA:12,2
DA:21,2
LF:4
LH:4
BRF:0
BRH:0
end_of_record
TN:
SF:src\app\middlewares\requestId.ts
FN:4,(anonymous_0)
FNF:1
FNH:1
FNDA:17,(anonymous_0)
DA:1,2
DA:4,2
DA:5,17
DA:6,17
DA:7,17
LF:5
LH:5
BRDA:5,0,0,17
BRDA:5,0,1,16
BRF:2
BRH:2
end_of_record
TN:
SF:src\app\middlewares\validateRequest.ts
FN:4,(anonymous_0)
FN:5,(anonymous_1)
FNF:2
FNH:1
FNDA:40,(anonymous_0)
FNDA:0,(anonymous_1)
DA:4,2
DA:5,40
DA:6,0
DA:7,0
DA:8,0
DA:11,0
DA:12,0
DA:14,0
DA:19,2
LF:9
LH:3
BRDA:7,0,0,0
BRDA:7,0,1,0
BRF:2
BRH:0
end_of_record
TN:
SF:src\app\modules\activity_log\activity_log.controller.ts
FN:7,(anonymous_1)
FNF:1
FNH:0
FNDA:0,(anonymous_1)
DA:2,2
DA:3,2
DA:4,2
DA:5,2
DA:7,2
DA:8,0
DA:11,0
DA:20,2
LF:8
LH:6
BRF:0
BRH:0
end_of_record
TN:
SF:src\app\modules\activity_log\activity_log.interface.ts
FN:5,(anonymous_0)
FNF:1
FNH:1
FNDA:2,(anonymous_0)
DA:5,2
DA:6,2
DA:7,2
DA:8,2
DA:9,2
DA:10,2
DA:11,2
DA:12,2
DA:13,2
DA:14,2
DA:15,2
DA:16,2
DA:17,2
DA:18,2
LF:14
LH:14
BRDA:5,0,0,2
BRDA:5,0,1,2
BRF:2
BRH:2
end_of_record
TN:
SF:src\app\modules\activity_log\activity_log.model.ts
FNF:0
FNH:0
DA:1,2
DA:2,2
DA:4,2
DA:22,2
DA:23,2
DA:24,2
DA:26,2
LF:7
LH:7
BRF:0
BRH:0
end_of_record
TN:
SF:src\app\modules\activity_log\activity_log.route.ts
FNF:0
FNH:0
DA:1,2
DA:2,2
DA:3,2
DA:4,2
DA:6,2
DA:39,2
DA:45,2
LF:7
LH:7
BRF:0
BRH:0
end_of_record
TN:
SF:src\app\modules\activity_log\activity_log.service.ts
FN:16,(anonymous_0)
FN:39,(anonymous_1)
FN:52,(anonymous_2)
FNF:3
FNH:0
FNDA:0,(anonymous_0)
FNDA:0,(anonymous_1)
FNDA:0,(anonymous_2)
DA:3,2
DA:4,2
DA:6,2
DA:16,2
DA:24,0
DA:25,0
DA:32,0
DA:39,2
DA:44,0
DA:45,0
DA:52,2
DA:53,0
DA:58,0
DA:59,0
DA:61,0
DA:64,2
LF:16
LH:7
BRDA:18,0,0,0
BRDA:27,1,0,0
BRDA:27,1,1,0
BRDA:28,2,0,0
BRDA:28,2,1,0
BRDA:29,3,0,0
BRDA:29,3,1,0
BRF:7
BRH:0
end_of_record
TN:
SF:src\app\modules\analysis\analysis.controller.ts
FN:10,(anonymous_1)
FN:17,(anonymous_2)
FN:39,(anonymous_3)
FN:54,(anonymous_4)
FN:68,(anonymous_5)
FN:83,(anonymous_6)
FNF:6
FNH:0
FNDA:0,(anonymous_1)
FNDA:0,(anonymous_2)
FNDA:0,(anonymous_3)
FNDA:0,(anonymous_4)
FNDA:0,(anonymous_5)
FNDA:0,(anonymous_6)
DA:2,2
DA:4,2
DA:5,2
DA:6,2
DA:7,2
DA:8,2
DA:10,2
DA:11,0
DA:16,0
DA:17,0
DA:23,0
DA:31,0
DA:39,2
DA:40,0
DA:41,0
DA:46,0
DA:54,2
DA:55,0
DA:56,0
DA:60,0
DA:68,2
DA:69,0
DA:70,0
DA:74,0
DA:83,2
DA:84,0
DA:85,0
DA:89,0
DA:97,2
LF:29
LH:12
BRDA:19,0,0,0
BRDA:19,0,1,0
BRDA:20,1,0,0
BRDA:20,1,1,0
BRDA:24,2,0,0
BRDA:24,2,1,0
BRDA:25,3,0,0
BRDA:25,3,1,0
BRF:8
BRH:0
end_of_record
TN:
SF:src\app\modules\analysis\analysis.interface.ts
FN:6,(anonymous_0)
FN:11,(anonymous_1)
FN:23,(anonymous_2)
FNF:3
FNH:3
FNDA:3,(anonymous_0)
FNDA:3,(anonymous_1)
FNDA:3,(anonymous_2)
DA:6,3
DA:7,3
DA:8,3
DA:11,3
DA:12,3
DA:13,3
DA:23,3
DA:24,3
DA:25,3
DA:26,3
DA:27,3
DA:28,3
DA:29,3
LF:13
LH:13
BRDA:6,0,0,3
BRDA:6,0,1,3
BRDA:11,1,0,3
BRDA:11,1,1,3
BRDA:23,2,0,3
BRDA:23,2,1,3
BRF:6
BRH:6
end_of_record
TN:
SF:src\app\modules\analysis\analysis.model.ts
FNF:0
FNH:0
DA:1,3
DA:2,3
DA:3,3
DA:12,3
DA:44,3
DA:47,3
DA:48,3
DA:52,3
DA:60,3
DA:62,3
DA:67,3
DA:89,3
DA:91,3
DA:96,3
DA:117,3
DA:119,3
LF:16
LH:16
BRF:0
BRH:0
end_of_record
TN:
SF:src\app\modules\analysis\analysis.route.ts
FNF:0
FNH:0
DA:1,2
DA:2,2
DA:3,2
DA:7,2
DA:8,2
DA:9,2
DA:10,2
DA:15,2
DA:16,2
DA:54,2
DA:63,2
DA:85,2
DA:112,2
DA:148,2
DA:154,2
LF:15
LH:15
BRF:0
BRH:0
end_of_record
TN:
SF:src\app\modules\analysis\analysis.service.ts
FN:38,(anonymous_1)
FN:40,(anonymous_2)
FN:64,(anonymous_3)
FN:70,(anonymous_4)
FN:82,(anonymous_5)
FN:100,(anonymous_6)
FN:143,(anonymous_7)
FN:199,(anonymous_8)
FN:217,(anonymous_9)
FN:239,(anonymous_10)
FN:243,(anonymous_11)
FN:302,(anonymous_12)
FN:367,(anonymous_13)
FN:402,(anonymous_14)
FN:427,(anonymous_15)
FN:442,(anonymous_16)
FNF:16
FNH:1
FNDA:0,(anonymous_1)
FNDA:0,(anonymous_2)
FNDA:0,(anonymous_3)
FNDA:0,(anonymous_4)
FNDA:0,(anonymous_5)
FNDA:6,(anonymous_6)
FNDA:0,(anonymous_7)
FNDA:0,(anonymous_8)
FNDA:0,(anonymous_9)
FNDA:0,(anonymous_10)
FNDA:0,(anonymous_11)
FNDA:0,(anonymous_12)
FNDA:0,(anonymous_13)
FNDA:0,(anonymous_14)
FNDA:0,(anonymous_15)
FNDA:0,(anonymous_16)
DA:1,3
DA:2,3
DA:3,3
DA:8,3
DA:9,3
DA:10,3
DA:14,3
DA:15,3
DA:17,3
DA:18,3
DA:19,3
DA:25,3
DA:38,3
DA:39,0
DA:40,0
DA:43,0
DA:62,3
DA:64,3
DA:65,0
DA:70,3
DA:73,0
DA:74,0
DA:75,0
DA:77,0
DA:78,0
DA:82,3
DA:86,0
DA:87,0
DA:91,0
DA:100,3
DA:104,6
DA:105,1
DA:108,5
DA:109,5
DA:110,36
DA:114,5
DA:118,5
DA:119,2
DA:143,3
DA:153,0
DA:155,0
DA:158,0
DA:159,0
DA:163,0
DA:167,0
DA:168,0
DA:184,0
DA:188,0
DA:189,0
DA:193,0
DA:195,0
DA:198,0
DA:199,0
DA:202,0
DA:204,0
DA:209,0
DA:214,0
DA:215,0
DA:216,0
DA:217,0
DA:222,0
DA:223,0
DA:227,0
DA:228,0
DA:229,0
DA:230,0
DA:238,0
DA:239,0
DA:242,0
DA:243,0
DA:251,0
DA:254,0
DA:255,0
DA:259,0
DA:260,0
DA:268,0
DA:269,0
DA:271,0
DA:276,0
DA:277,0
DA:279,0
DA:280,0
DA:284,0
DA:291,0
DA:302,3
DA:307,0
DA:311,0
DA:313,0
DA:314,0
DA:319,0
DA:320,0
DA:328,0
DA:332,0
DA:333,0
DA:339,0
DA:340,0
DA:342,0
DA:343,0
DA:345,0
DA:350,3
DA:367,3
DA:368,0
DA:372,0
DA:374,0
DA:375,0
DA:383,0
DA:385,0
DA:386,0
DA:390,0
DA:392,0
DA:402,3
DA:403,0
DA:405,0
DA:410,0
DA:411,0
DA:412,0
DA:413,0
DA:414,0
DA:417,0
DA:424,0
DA:427,3
DA:428,0
DA:435,0
DA:436,0
DA:438,0
DA:442,3
DA:443,0
DA:446,0
DA:448,0
DA:455,0
DA:458,3
LF:131
LH:34
BRDA:75,0,0,0
BRDA:75,0,1,0
BRDA:104,1,0,1
BRDA:104,1,1,5
BRDA:114,2,0,3
BRDA:114,2,1,2
BRDA:118,3,0,2
BRDA:118,3,1,3
BRDA:118,4,0,5
BRDA:118,4,1,3
BRDA:121,5,0,1
BRDA:121,5,1,1
BRDA:158,6,0,0
BRDA:158,6,1,0
BRDA:163,7,0,0
BRDA:163,7,1,0
BRDA:175,8,0,0
BRDA:175,8,1,0
BRDA:184,9,0,0
BRDA:184,9,1,0
BRDA:184,9,2,0
BRDA:188,10,0,0
BRDA:188,10,1,0
BRDA:188,11,0,0
BRDA:188,11,1,0
BRDA:193,12,0,0
BRDA:193,12,1,0
BRDA:210,13,0,0
BRDA:210,13,1,0
BRDA:215,14,0,0
BRDA:215,14,1,0
BRDA:222,15,0,0
BRDA:222,15,1,0
BRDA:227,16,0,0
BRDA:227,16,1,0
BRDA:247,17,0,0
BRDA:247,17,1,0
BRDA:254,18,0,0
BRDA:254,18,1,0
BRDA:254,19,0,0
BRDA:254,19,1,0
BRDA:259,20,0,0
BRDA:259,20,1,0
BRDA:311,21,0,0
BRDA:311,21,1,0
BRDA:313,22,0,0
BRDA:313,22,1,0
BRDA:319,23,0,0
BRDA:319,23,1,0
BRDA:332,24,0,0
BRDA:332,24,1,0
BRDA:372,25,0,0
BRDA:372,25,1,0
BRDA:374,26,0,0
BRDA:374,26,1,0
BRDA:383,27,0,0
BRDA:383,27,1,0
BRDA:446,28,0,0
BRDA:446,28,1,0
BRF:59
BRH:10
end_of_record
TN:
SF:src\app\modules\analysis\analysis.validation.ts
FNF:0
FNH:0
DA:1,2
DA:2,2
DA:3,2
DA:5,2
DA:13,2
DA:36,2
LF:6
LH:6
BRF:0
BRH:0
end_of_record
TN:
SF:src\app\modules\auth\auth.controller.ts
FN:34,(anonymous_1)
FN:37,(anonymous_2)
FN:74,(anonymous_3)
FN:98,(anonymous_4)
FN:113,(anonymous_5)
FN:134,(anonymous_6)
FN:150,(anonymous_7)
FN:165,(anonymous_8)
FN:182,(anonymous_9)
FNF:9
FNH:0
FNDA:0,(anonymous_1)
FNDA:0,(anonymous_2)
FNDA:0,(anonymous_3)
FNDA:0,(anonymous_4)
FNDA:0,(anonymous_5)
FNDA:0,(anonymous_6)
FNDA:0,(anonymous_7)
FNDA:0,(anonymous_8)
FNDA:0,(anonymous_9)
DA:2,2
DA:3,2
DA:7,2
DA:8,2
DA:9,2
DA:10,2
DA:11,2
DA:12,2
DA:14,2
DA:33,2
DA:35,0
DA:42,0
DA:43,0
DA:48,0
DA:49,0
DA:52,0
DA:54,0
DA:56,0
DA:58,0
DA:73,2
DA:75,0
DA:77,0
DA:78,0
DA:83,0
DA:86,0
DA:88,0
DA:97,2
DA:101,0
DA:103,0
DA:112,2
DA:114,0
DA:115,0
DA:116,0
DA:118,0
DA:124,0
DA:133,2
DA:135,0
DA:136,0
DA:138,0
DA:140,0
DA:149,2
DA:151,0
DA:153,0
DA:155,0
DA:164,2
DA:166,0
DA:169,0
DA:171,0
DA:181,2
DA:183,0
DA:184,0
DA:185,0
DA:188,0
DA:189,0
DA:191,0
DA:192,0
DA:198,0
DA:200,0
DA:202,0
DA:206,0
DA:210,2
LF:61
LH:18
BRDA:42,0,0,0
BRDA:42,0,1,0
BRDA:48,1,0,0
BRDA:48,1,1,0
BRDA:77,2,0,0
BRDA:77,2,1,0
BRDA:184,3,0,0
BRDA:184,3,1,0
BRDA:191,4,0,0
BRDA:191,4,1,0
BRDA:198,5,0,0
BRDA:198,5,1,0
BRDA:200,6,0,0
BRDA:200,6,1,0
BRDA:202,7,0,0
BRDA:202,7,1,0
BRF:16
BRH:0
end_of_record
TN:
SF:src\app\modules\auth\auth.route.ts
FN:193,(anonymous_1)
FNF:1
FNH:0
FNDA:0,(anonymous_1)
DA:1,2
DA:2,2
DA:3,2
DA:4,2
DA:5,2
DA:6,2
DA:7,2
DA:9,2
DA:39,2
DA:59,2
DA:71,2
DA:93,2
DA:120,2
DA:145,2
DA:167,2
DA:190,2
DA:194,0
DA:196,0
DA:213,2
DA:221,2
LF:20
LH:18
BRDA:194,0,0,0
BRDA:194,0,1,0
BRF:2
BRH:0
end_of_record
TN:
SF:src\app\modules\auth\auth.service.ts
FN:15,(anonymous_1)
FN:66,(anonymous_2)
FN:72,(anonymous_3)
FN:105,(anonymous_4)
FN:135,(anonymous_5)
FN:164,(anonymous_6)
FNF:6
FNH:0
FNDA:0,(anonymous_1)
FNDA:0,(anonymous_2)
FNDA:0,(anonymous_3)
FNDA:0,(anonymous_4)
FNDA:0,(anonymous_5)
FNDA:0,(anonymous_6)
DA:1,2
DA:2,2
DA:3,2
DA:4,2
DA:5,2
DA:6,2
DA:8,2
DA:9,2
DA:10,2
DA:15,2
DA:16,0
DA:18,0
DA:20,0
DA:21,0
DA:22,0
DA:25,0
DA:26,0
DA:32,0
DA:33,0
DA:35,0
DA:36,0
DA:38,0
DA:39,0
DA:42,0
DA:46,0
DA:47,0
DA:50,0
DA:52,0
DA:56,0
DA:57,0
DA:59,0
DA:66,2
DA:68,0
DA:69,0
DA:72,2
DA:77,0
DA:78,0
DA:80,0
DA:81,0
DA:86,0
DA:87,0
DA:93,0
DA:94,0
DA:95,0
DA:98,0
DA:102,0
DA:105,2
DA:106,0
DA:107,0
DA:109,0
DA:113,0
DA:114,0
DA:120,0
DA:124,0
DA:126,0
DA:127,0
DA:135,2
DA:136,0
DA:137,0
DA:138,0
DA:139,0
DA:141,0
DA:142,0
DA:144,0
DA:145,0
DA:148,0
DA:154,0
DA:156,0
DA:164,2
DA:168,0
DA:170,0
DA:171,0
DA:173,0
DA:174,0
DA:177,0
DA:178,0
DA:180,0
DA:184,0
DA:187,2
LF:79
LH:16
BRDA:18,0,0,0
BRDA:18,0,1,0
BRDA:21,1,0,0
BRDA:21,1,1,0
BRDA:25,2,0,0
BRDA:25,2,1,0
BRDA:32,3,0,0
BRDA:32,3,1,0
BRDA:35,4,0,0
BRDA:35,4,1,0
BRDA:38,5,0,0
BRDA:38,5,1,0
BRDA:46,6,0,0
BRDA:46,6,1,0
BRDA:78,7,0,0
BRDA:78,7,1,0
BRDA:80,8,0,0
BRDA:80,8,1,0
BRDA:80,9,0,0
BRDA:80,9,1,0
BRDA:86,10,0,0
BRDA:86,10,1,0
BRDA:94,11,0,0
BRDA:94,11,1,0
BRDA:107,12,0,0
BRDA:107,12,1,0
BRDA:113,13,0,0
BRDA:113,13,1,0
BRDA:113,14,0,0
BRDA:113,14,1,0
BRDA:126,15,0,0
BRDA:126,15,1,0
BRDA:137,16,0,0
BRDA:137,16,1,0
BRDA:138,17,0,0
BRDA:138,17,1,0
BRDA:141,18,0,0
BRDA:141,18,1,0
BRDA:144,19,0,0
BRDA:144,19,1,0
BRDA:170,20,0,0
BRDA:170,20,1,0
BRDA:170,21,0,0
BRDA:170,21,1,0
BRDA:173,22,0,0
BRDA:173,22,1,0
BRDA:178,23,0,0
BRDA:178,23,1,0
BRF:48
BRH:0
end_of_record
TN:
SF:src\app\modules\auth_identity\auth_identity.model.ts
FNF:0
FNH:0
DA:1,2
DA:4,2
DA:17,2
DA:18,2
DA:20,2
LF:5
LH:5
BRF:0
BRH:0
end_of_record
TN:
SF:src\app\modules\card\card.controller.ts
FN:7,(anonymous_1)
FN:20,(anonymous_2)
FN:30,(anonymous_3)
FNF:3
FNH:0
FNDA:0,(anonymous_1)
FNDA:0,(anonymous_2)
FNDA:0,(anonymous_3)
DA:2,2
DA:3,2
DA:4,2
DA:5,2
DA:7,2
DA:8,0
DA:11,0
DA:20,2
DA:21,0
DA:22,0
DA:30,2
DA:31,0
DA:32,0
DA:40,2
LF:14
LH:8
BRF:0
BRH:0
end_of_record
TN:
SF:src\app\modules\card\card.interface.ts
FN:5,(anonymous_0)
FN:12,(anonymous_1)
FN:28,(anonymous_2)
FNF:3
FNH:3
FNDA:4,(anonymous_0)
FNDA:4,(anonymous_1)
FNDA:4,(anonymous_2)
DA:5,4
DA:6,4
DA:7,4
DA:8,4
DA:9,4
DA:12,4
DA:13,4
DA:14,4
DA:28,4
DA:29,4
DA:30,4
LF:11
LH:11
BRDA:5,0,0,4
BRDA:5,0,1,4
BRDA:12,1,0,4
BRDA:12,1,1,4
BRDA:28,2,0,4
BRDA:28,2,1,4
BRF:6
BRH:6
end_of_record
TN:
SF:src\app\modules\card\card.model.ts
FNF:0
FNH:0
DA:1,3
DA:2,3
DA:4,3
DA:45,3
DA:46,3
DA:48,3
DA:50,3
LF:7
LH:7
BRF:0
BRH:0
end_of_record
TN:
SF:src\app\modules\card\card.route.ts
FNF:0
FNH:0
DA:1,2
DA:2,2
DA:3,2
DA:4,2
DA:6,2
DA:39,2
DA:57,2
DA:83,2
DA:89,2
LF:9
LH:9
BRF:0
BRH:0
end_of_record
TN:
SF:src\app\modules\card\card.service.ts
FN:14,(anonymous_1)
FN:28,(anonymous_2)
FN:36,(anonymous_3)
FN:49,(anonymous_4)
FNF:4
FNH:0
FNDA:0,(anonymous_1)
FNDA:0,(anonymous_2)
FNDA:0,(anonymous_3)
FNDA:0,(anonymous_4)
DA:1,3
DA:2,3
DA:3,3
DA:5,3
DA:14,3
DA:15,0
DA:17,0
DA:24,0
DA:25,0
DA:28,3
DA:29,0
DA:30,0
DA:31,0
DA:36,3
DA:37,0
DA:38,0
DA:41,0
DA:49,3
DA:50,0
DA:53,3
LF:20
LH:9
BRDA:30,0,0,0
BRDA:30,0,1,0
BRDA:37,1,0,0
BRDA:37,1,1,0
BRF:4
BRH:0
end_of_record
TN:
SF:src\app\modules\cms\cms.controller.ts
FN:12,(anonymous_1)
FN:22,(anonymous_2)
FN:33,(anonymous_3)
FN:43,(anonymous_4)
FNF:4
FNH:0
FNDA:0,(anonymous_1)
FNDA:0,(anonymous_2)
FNDA:0,(anonymous_3)
FNDA:0,(anonymous_4)
DA:2,2
DA:4,2
DA:5,2
DA:6,2
DA:7,2
DA:8,2
DA:12,2
DA:13,0
DA:14,0
DA:19,0
DA:22,2
DA:23,0
DA:24,0
DA:25,0
DA:33,2
DA:34,0
DA:35,0
DA:43,2
DA:44,0
DA:45,0
DA:46,0
DA:51,0
DA:59,2
LF:23
LH:11
BRDA:13,0,0,0
BRDA:13,0,1,0
BRF:2
BRH:0
end_of_record
TN:
SF:src\app\modules\cms\cms.interface.ts
FN:5,(anonymous_0)
FNF:1
FNH:1
FNDA:2,(anonymous_0)
DA:5,2
DA:6,2
DA:7,2
DA:8,2
LF:4
LH:4
BRDA:5,0,0,2
BRDA:5,0,1,2
BRF:2
BRH:2
end_of_record
TN:
SF:src\app\modules\cms\cms.model.ts
FNF:0
FNH:0
DA:1,2
DA:2,2
DA:4,2
DA:21,2
LF:4
LH:4
BRF:0
BRH:0
end_of_record
TN:
SF:src\app\modules\cms\cms.route.ts
FNF:0
FNH:0
DA:1,2
DA:2,2
DA:3,2
DA:4,2
DA:5,2
DA:6,2
DA:8,2
DA:24,2
DA:68,2
DA:70,2
DA:77,2
LF:11
LH:11
BRF:0
BRH:0
end_of_record
TN:
SF:src\app\modules\cms\cms.service.ts
FN:8,(anonymous_1)
FN:14,(anonymous_2)
FN:23,(anonymous_3)
FNF:3
FNH:0
FNDA:0,(anonymous_1)
FNDA:0,(anonymous_2)
FNDA:0,(anonymous_3)
DA:1,2
DA:2,2
DA:4,2
DA:8,2
DA:9,0
DA:10,0
DA:11,0
DA:14,2
DA:15,0
DA:23,2
DA:28,0
DA:35,2
LF:12
LH:7
BRDA:10,0,0,0
BRDA:10,0,1,0
BRF:2
BRH:0
end_of_record
TN:
SF:src\app\modules\cms\cms.validation.ts
FNF:0
FNH:0
DA:1,2
DA:2,2
DA:4,2
DA:10,2
LF:4
LH:4
BRF:0
BRH:0
end_of_record
TN:
SF:src\app\modules\collection\collection.controller.ts
FN:8,(anonymous_1)
FN:23,(anonymous_2)
FN:34,(anonymous_3)
FN:48,(anonymous_4)
FN:59,(anonymous_5)
FN:70,(anonymous_6)
FN:84,(anonymous_7)
FN:99,(anonymous_8)
FNF:8
FNH:0
FNDA:0,(anonymous_1)
FNDA:0,(anonymous_2)
FNDA:0,(anonymous_3)
FNDA:0,(anonymous_4)
FNDA:0,(anonymous_5)
FNDA:0,(anonymous_6)
FNDA:0,(anonymous_7)
FNDA:0,(anonymous_8)
DA:2,2
DA:4,2
DA:5,2
DA:6,2
DA:8,2
DA:9,0
DA:10,0
DA:14,0
DA:23,2
DA:24,0
DA:25,0
DA:26,0
DA:34,2
DA:35,0
DA:36,0
DA:40,0
DA:48,2
DA:49,0
DA:50,0
DA:51,0
DA:59,2
DA:60,0
DA:61,0
DA:62,0
DA:70,2
DA:71,0
DA:72,0
DA:76,0
DA:84,2
DA:85,0
DA:86,0
DA:91,0
DA:99,2
DA:100,0
DA:101,0
DA:105,0
DA:113,2
LF:37
LH:13
BRDA:38,0,0,0
BRDA:38,0,1,0
BRF:2
BRH:0
end_of_record
TN:
SF:src\app\modules\collection\collection.model.ts
FNF:0
FNH:0
DA:1,2
DA:4,2
DA:24,2
DA:28,2
DA:29,2
DA:31,2
LF:6
LH:6
BRF:0
BRH:0
end_of_record
TN:
SF:src\app\modules\collection\collection.route.ts
FNF:0
FNH:0
DA:1,2
DA:2,2
DA:3,2
DA:4,2
DA:5,2
DA:6,2
DA:11,2
DA:12,2
DA:83,2
DA:85,2
DA:107,2
DA:136,2
DA:154,2
DA:207,2
DA:209,2
DA:216,2
DA:218,2
LF:17
LH:17
BRF:0
BRH:0
end_of_record
TN:
SF:src\app\modules\collection\collection.service.ts
FN:36,(anonymous_1)
FN:133,(anonymous_2)
FN:226,(anonymous_3)
FN:234,(anonymous_4)
FN:239,(anonymous_5)
FN:242,(anonymous_6)
FN:243,(anonymous_7)
FN:303,(anonymous_8)
FN:309,(anonymous_9)
FN:323,(anonymous_10)
FN:354,(anonymous_11)
FN:409,(anonymous_12)
FN:419,(anonymous_13)
FN:443,(anonymous_14)
FNF:14
FNH:0
FNDA:0,(anonymous_1)
FNDA:0,(anonymous_2)
FNDA:0,(anonymous_3)
FNDA:0,(anonymous_4)
FNDA:0,(anonymous_5)
FNDA:0,(anonymous_6)
FNDA:0,(anonymous_7)
FNDA:0,(anonymous_8)
FNDA:0,(anonymous_9)
FNDA:0,(anonymous_10)
FNDA:0,(anonymous_11)
FNDA:0,(anonymous_12)
FNDA:0,(anonymous_13)
FNDA:0,(anonymous_14)
DA:1,2
DA:2,2
DA:3,2
DA:4,2
DA:5,2
DA:6,2
DA:7,2
DA:8,2
DA:9,2
DA:11,2
DA:21,2
DA:36,2
DA:40,0
DA:41,0
DA:42,0
DA:44,0
DA:46,0
DA:47,0
DA:49,0
DA:50,0
DA:51,0
DA:55,0
DA:56,0
DA:57,0
DA:58,0
DA:60,0
DA:61,0
DA:62,0
DA:63,0
DA:65,0
DA:68,0
DA:69,0
DA:71,0
DA:103,0
DA:104,0
DA:105,0
DA:107,0
DA:133,2
DA:134,0
DA:174,0
DA:176,0
DA:177,0
DA:187,0
DA:226,2
DA:227,0
DA:228,0
DA:230,0
DA:234,0
DA:235,0
DA:238,0
DA:239,0
DA:242,0
DA:243,0
DA:247,0
DA:264,0
DA:265,0
DA:266,0
DA:274,0
DA:275,0
DA:278,0
DA:280,0
DA:281,0
DA:282,0
DA:284,0
DA:285,0
DA:286,0
DA:291,0
DA:292,0
DA:293,0
DA:295,0
DA:298,0
DA:299,0
DA:303,0
DA:304,0
DA:305,0
DA:309,0
DA:311,0
DA:314,0
DA:315,0
DA:318,0
DA:323,2
DA:324,0
DA:354,2
DA:355,0
DA:356,0
DA:360,0
DA:361,0
DA:367,0
DA:370,0
DA:371,0
DA:374,0
DA:375,0
DA:385,0
DA:386,0
DA:387,0
DA:388,0
DA:391,0
DA:393,0
DA:400,0
DA:409,2
DA:410,0
DA:413,0
DA:414,0
DA:419,2
DA:424,0
DA:425,0
DA:426,0
DA:427,0
DA:428,0
DA:430,0
DA:431,0
DA:434,0
DA:439,0
DA:440,0
DA:443,2
DA:444,0
DA:448,0
DA:449,0
DA:453,0
DA:456,2
LF:120
LH:20
BRDA:40,0,0,0
BRDA:40,0,1,0
BRDA:41,1,0,0
BRDA:41,1,1,0
BRDA:46,2,0,0
BRDA:46,2,1,0
BRDA:49,3,0,0
BRDA:49,3,1,0
BRDA:50,4,0,0
BRDA:50,4,1,0
BRDA:51,5,0,0
BRDA:51,5,1,0
BRDA:56,6,0,0
BRDA:56,6,1,0
BRDA:57,7,0,0
BRDA:57,7,1,0
BRDA:58,8,0,0
BRDA:58,8,1,0
BRDA:61,9,0,0
BRDA:61,9,1,0
BRDA:62,10,0,0
BRDA:62,10,1,0
BRDA:63,11,0,0
BRDA:63,11,1,0
BRDA:65,12,0,0
BRDA:65,12,1,0
BRDA:69,13,0,0
BRDA:69,13,1,0
BRDA:93,14,0,0
BRDA:93,14,1,0
BRDA:104,15,0,0
BRDA:104,15,1,0
BRDA:105,16,0,0
BRDA:105,16,1,0
BRDA:176,17,0,0
BRDA:176,17,1,0
BRDA:192,18,0,0
BRDA:192,18,1,0
BRDA:199,19,0,0
BRDA:199,19,1,0
BRDA:226,20,0,0
BRDA:238,21,0,0
BRDA:238,21,1,0
BRDA:284,22,0,0
BRDA:284,22,1,0
BRDA:291,23,0,0
BRDA:291,23,1,0
BRDA:298,24,0,0
BRDA:298,24,1,0
BRDA:311,25,0,0
BRDA:311,25,1,0
BRDA:311,26,0,0
BRDA:311,26,1,0
BRDA:314,27,0,0
BRDA:314,27,1,0
BRDA:314,27,2,0
BRDA:315,28,0,0
BRDA:315,28,1,0
BRDA:355,29,0,0
BRDA:355,29,1,0
BRDA:360,30,0,0
BRDA:360,30,1,0
BRDA:370,31,0,0
BRDA:370,31,1,0
BRDA:375,32,0,0
BRDA:375,32,1,0
BRDA:385,33,0,0
BRDA:385,33,1,0
BRDA:391,34,0,0
BRDA:391,34,1,0
BRDA:405,35,0,0
BRDA:405,35,1,0
BRDA:413,36,0,0
BRDA:413,36,1,0
BRDA:425,37,0,0
BRDA:425,37,1,0
BRDA:426,38,0,0
BRDA:426,38,1,0
BRDA:427,39,0,0
BRDA:427,39,1,0
BRDA:430,40,0,0
BRDA:430,40,1,0
BRDA:439,41,0,0
BRDA:439,41,1,0
BRDA:448,42,0,0
BRDA:448,42,1,0
BRF:86
BRH:0
end_of_record
TN:
SF:src\app\modules\collection\collection.validation.ts
FN:21,(anonymous_1)
FNF:1
FNH:0
FNDA:0,(anonymous_1)
DA:1,2
DA:3,2
DA:12,2
DA:21,0
DA:26,2
LF:5
LH:4
BRDA:21,0,0,0
BRDA:21,0,1,0
BRF:2
BRH:0
end_of_record
TN:
SF:src\app\modules\credit\credit.controller.ts
FN:8,(anonymous_1)
FN:19,(anonymous_2)
FN:34,(anonymous_3)
FN:48,(anonymous_4)
FNF:4
FNH:0
FNDA:0,(anonymous_1)
FNDA:0,(anonymous_2)
FNDA:0,(anonymous_3)
FNDA:0,(anonymous_4)
DA:2,2
DA:4,2
DA:5,2
DA:6,2
DA:8,2
DA:9,0
DA:10,0
DA:11,0
DA:19,2
DA:20,0
DA:21,0
DA:25,0
DA:34,2
DA:35,0
DA:39,0
DA:48,2
DA:49,0
DA:50,0
DA:55,0
DA:63,2
LF:20
LH:9
BRF:0
BRH:0
end_of_record
TN:
SF:src\app\modules\credit\credit.interface.ts
FN:6,(anonymous_0)
FNF:1
FNH:1
FNDA:3,(anonymous_0)
DA:6,3
DA:7,3
DA:8,3
DA:10,3
DA:11,3
DA:12,3
LF:6
LH:6
BRDA:6,0,0,3
BRDA:6,0,1,3
BRF:2
BRH:2
end_of_record
TN:
SF:src\app\modules\credit\credit.model.ts
FNF:0
FNH:0
DA:1,3
DA:2,3
DA:8,3
DA:28,3
DA:33,3
DA:53,3
DA:63,3
DA:71,3
LF:8
LH:8
BRF:0
BRH:0
end_of_record
TN:
SF:src\app\modules\credit\credit.route.ts
FNF:0
FNH:0
DA:1,2
DA:2,2
DA:3,2
DA:4,2
DA:5,2
DA:6,2
DA:8,2
DA:27,2
DA:47,2
DA:73,2
DA:103,2
DA:110,2
LF:12
LH:12
BRF:0
BRH:0
end_of_record
TN:
SF:src\app\modules\credit\credit.service.ts
FN:18,(anonymous_1)
FN:45,(anonymous_2)
FN:66,(anonymous_3)
FN:97,(anonymous_4)
FN:119,(anonymous_5)
FN:134,(anonymous_6)
FN:155,(anonymous_7)
FN:196,(anonymous_8)
FN:228,(anonymous_9)
FN:298,(anonymous_10)
FN:345,(anonymous_11)
FN:383,(anonymous_12)
FN:424,(anonymous_13)
FNF:13
FNH:0
FNDA:0,(anonymous_1)
FNDA:0,(anonymous_2)
FNDA:0,(anonymous_3)
FNDA:0,(anonymous_4)
FNDA:0,(anonymous_5)
FNDA:0,(anonymous_6)
FNDA:0,(anonymous_7)
FNDA:0,(anonymous_8)
FNDA:0,(anonymous_9)
FNDA:0,(anonymous_10)
FNDA:0,(anonymous_11)
FNDA:0,(anonymous_12)
FNDA:0,(anonymous_13)
DA:1,3
DA:3,3
DA:4,3
DA:5,3
DA:6,3
DA:7,3
DA:8,3
DA:9,3
DA:10,3
DA:11,3
DA:18,3
DA:27,0
DA:40,0
DA:45,3
DA:46,0
DA:66,3
DA:74,0
DA:75,0
DA:88,0
DA:90,0
DA:91,0
DA:97,3
DA:98,0
DA:103,0
DA:104,0
DA:107,0
DA:108,0
DA:109,0
DA:114,0
DA:119,3
DA:120,0
DA:121,0
DA:123,0
DA:124,0
DA:126,0
DA:134,3
DA:135,0
DA:136,0
DA:137,0
DA:155,3
DA:156,0
DA:157,0
DA:159,0
DA:160,0
DA:164,0
DA:167,0
DA:181,0
DA:186,0
DA:193,0
DA:196,3
DA:197,0
DA:199,0
DA:200,0
DA:202,0
DA:228,3
DA:236,0
DA:238,0
DA:244,0
DA:252,0
DA:253,0
DA:259,0
DA:260,0
DA:261,0
DA:262,0
DA:265,0
DA:271,0
DA:274,0
DA:275,0
DA:281,0
DA:282,0
DA:284,0
DA:298,3
DA:302,0
DA:303,0
DA:307,0
DA:311,0
DA:312,0
DA:315,0
DA:321,0
DA:323,0
DA:328,0
DA:329,0
DA:330,0
DA:333,0
DA:334,0
DA:336,0
DA:345,3
DA:346,0
DA:347,0
DA:349,0
DA:350,0
DA:354,0
DA:357,0
DA:358,0
DA:360,0
DA:369,0
DA:371,0
DA:378,0
DA:383,3
DA:388,0
DA:389,0
DA:395,0
DA:397,0
DA:402,0
DA:406,0
DA:407,0
DA:408,0
DA:411,0
DA:421,0
DA:424,3
DA:425,0
DA:430,0
DA:431,0
DA:433,0
DA:436,3
LF:115
LH:24
BRDA:34,0,0,0
BRDA:34,0,1,0
BRDA:35,1,0,0
BRDA:35,1,1,0
BRDA:38,2,0,0
BRDA:38,2,1,0
BRDA:46,3,0,0
BRDA:46,3,1,0
BRDA:46,3,2,0
BRDA:83,4,0,0
BRDA:83,4,1,0
BRDA:86,5,0,0
BRDA:86,5,1,0
BRDA:88,6,0,0
BRDA:88,6,1,0
BRDA:90,7,0,0
BRDA:90,7,1,0
BRDA:103,8,0,0
BRDA:103,8,1,0
BRDA:108,9,0,0
BRDA:108,9,1,0
BRDA:121,10,0,0
BRDA:121,10,1,0
BRDA:128,11,0,0
BRDA:128,11,1,0
BRDA:128,12,0,0
BRDA:128,12,1,0
BRDA:157,13,0,0
BRDA:157,13,1,0
BRDA:160,14,0,0
BRDA:160,14,1,0
BRDA:161,15,0,0
BRDA:161,15,1,0
BRDA:181,16,0,0
BRDA:181,16,1,0
BRDA:203,17,0,0
BRDA:203,17,1,0
BRDA:206,18,0,0
BRDA:206,18,1,0
BRDA:250,19,0,0
BRDA:250,19,1,0
BRDA:252,20,0,0
BRDA:252,20,1,0
BRDA:255,21,0,0
BRDA:255,21,1,0
BRDA:259,22,0,0
BRDA:259,22,1,0
BRDA:268,23,0,0
BRDA:268,23,1,0
BRDA:271,24,0,0
BRDA:271,24,1,0
BRDA:303,25,0,0
BRDA:303,25,1,0
BRDA:311,26,0,0
BRDA:311,26,1,0
BRDA:311,27,0,0
BRDA:311,27,1,0
BRDA:321,28,0,0
BRDA:321,28,1,0
BRDA:328,29,0,0
BRDA:328,29,1,0
BRDA:349,30,0,0
BRDA:349,30,1,0
BRDA:365,31,0,0
BRDA:365,31,1,0
BRDA:369,32,0,0
BRDA:369,32,1,0
BRDA:374,33,0,0
BRDA:374,33,1,0
BRDA:388,34,0,0
BRDA:388,34,1,0
BRDA:388,35,0,0
BRDA:388,35,1,0
BRDA:402,36,0,0
BRDA:402,36,1,0
BRDA:406,37,0,0
BRDA:406,37,1,0
BRF:77
BRH:0
end_of_record
TN:
SF:src\app\modules\credit\credit.validation.ts
FN:10,(anonymous_1)
FNF:1
FNH:0
FNDA:0,(anonymous_1)
DA:1,2
DA:6,2
DA:10,0
LF:3
LH:2
BRF:0
BRH:0
end_of_record
TN:
SF:src\app\modules\dashboard\dashboard.controller.ts
FN:8,(anonymous_1)
FN:18,(anonymous_2)
FNF:2
FNH:0
FNDA:0,(anonymous_1)
FNDA:0,(anonymous_2)
DA:2,2
DA:4,2
DA:5,2
DA:6,2
DA:8,2
DA:9,0
DA:10,0
DA:18,2
DA:19,0
DA:20,0
DA:21,0
DA:29,2
LF:12
LH:7
BRF:0
BRH:0
end_of_record
TN:
SF:src\app\modules\dashboard\dashboard.route.ts
FNF:0
FNH:0
DA:1,2
DA:2,2
DA:3,2
DA:4,2
DA:6,2
DA:7,2
DA:27,2
DA:47,2
DA:53,2
LF:9
LH:9
BRF:0
BRH:0
end_of_record
TN:
SF:src\app\modules\dashboard\dashboard.service.ts
FN:14,(anonymous_0)
FN:33,(anonymous_1)
FN:82,(anonymous_2)
FNF:3
FNH:0
FNDA:0,(anonymous_0)
FNDA:0,(anonymous_1)
FNDA:0,(anonymous_2)
DA:1,2
DA:2,2
DA:3,2
DA:4,2
DA:5,2
DA:6,2
DA:7,2
DA:8,2
DA:9,2
DA:10,2
DA:11,2
DA:14,2
DA:33,2
DA:34,0
DA:35,0
DA:44,0
DA:54,0
DA:56,0
DA:82,2
DA:83,0
DA:84,0
DA:96,0
DA:133,0
DA:134,0
DA:136,0
DA:160,2
LF:26
LH:15
BRDA:133,0,0,0
BRDA:133,0,1,0
BRDA:134,1,0,0
BRDA:134,1,1,0
BRDA:140,2,0,0
BRDA:140,2,1,0
BRDA:145,3,0,0
BRDA:145,3,1,0
BRDA:153,4,0,0
BRDA:153,4,1,0
BRDA:154,5,0,0
BRDA:154,5,1,0
BRF:12
BRH:0
end_of_record
TN:
SF:src\app\modules\grading\grading.controller.ts
FN:8,(anonymous_1)
FN:22,(anonymous_2)
FN:37,(anonymous_3)
FN:52,(anonymous_4)
FN:66,(anonymous_5)
FNF:5
FNH:0
FNDA:0,(anonymous_1)
FNDA:0,(anonymous_2)
FNDA:0,(anonymous_3)
FNDA:0,(anonymous_4)
FNDA:0,(anonymous_5)
DA:2,2
DA:4,2
DA:5,2
DA:6,2
DA:8,2
DA:9,0
DA:10,0
DA:14,0
DA:22,2
DA:23,0
DA:24,0
DA:28,0
DA:37,2
DA:38,0
DA:39,0
DA:44,0
DA:52,2
DA:53,0
DA:56,0
DA:66,2
DA:67,0
DA:68,0
DA:74,0
DA:75,0
DA:80,0
DA:81,0
DA:84,2
LF:27
LH:10
BRF:0
BRH:0
end_of_record
TN:
SF:src\app\modules\grading\grading.interface.ts
FN:4,(anonymous_0)
FNF:1
FNH:1
FNDA:3,(anonymous_0)
DA:4,3
DA:5,3
DA:6,3
DA:7,3
DA:8,3
DA:9,3
DA:10,3
DA:11,3
DA:12,3
DA:13,3
LF:10
LH:10
BRDA:4,0,0,3
BRDA:4,0,1,3
BRF:2
BRH:2
end_of_record
TN:
SF:src\app\modules\grading\grading.model.ts
FNF:0
FNH:0
DA:1,2
DA:2,2
DA:4,2
DA:6,2
DA:78,2
DA:79,2
DA:81,2
LF:7
LH:7
BRF:0
BRH:0
end_of_record
TN:
SF:src\app\modules\grading\grading.pdf.ts
FN:33,(anonymous_0)
FN:36,(anonymous_1)
FN:59,(anonymous_2)
FN:77,(anonymous_3)
FN:147,(anonymous_4)
FNF:5
FNH:0
FNDA:0,(anonymous_0)
FNDA:0,(anonymous_1)
FNDA:0,(anonymous_2)
FNDA:0,(anonymous_3)
FNDA:0,(anonymous_4)
DA:1,2
DA:22,2
DA:23,2
DA:24,2
DA:26,2
DA:27,2
DA:28,2
DA:29,2
DA:33,2
DA:34,0
DA:36,2
DA:42,0
DA:43,0
DA:44,0
DA:45,0
DA:46,0
DA:47,0
DA:48,0
DA:50,0
DA:51,0
DA:54,0
DA:56,0
DA:59,2
DA:60,0
DA:61,0
DA:62,0
DA:64,0
DA:65,0
DA:77,2
DA:82,0
DA:83,0
DA:84,0
DA:85,0
DA:88,0
DA:90,0
DA:93,0
DA:94,0
DA:101,0
DA:102,0
DA:108,0
DA:111,0
DA:112,0
DA:113,0
DA:116,0
DA:117,0
DA:118,0
DA:120,0
DA:123,0
DA:124,0
DA:125,0
DA:126,0
DA:127,0
DA:134,0
DA:135,0
DA:137,0
DA:140,0
DA:146,0
DA:147,0
DA:148,0
DA:149,0
DA:157,0
DA:158,0
DA:160,0
DA:163,0
DA:164,0
DA:165,0
DA:166,0
DA:167,0
DA:168,0
DA:169,0
DA:174,0
DA:175,0
DA:181,0
DA:185,0
DA:190,0
LF:75
LH:12
BRDA:46,0,0,0
BRDA:46,0,1,0
BRDA:47,1,0,0
BRDA:47,1,1,0
BRDA:50,2,0,0
BRDA:50,2,1,0
BRDA:88,3,0,0
BRDA:88,3,1,0
BRDA:111,4,0,0
BRDA:111,4,1,0
BRDA:116,5,0,0
BRDA:116,5,1,0
BRDA:134,6,0,0
BRDA:134,6,1,0
BRDA:163,7,0,0
BRDA:163,7,1,0
BRDA:167,8,0,0
BRDA:167,8,1,0
BRF:18
BRH:0
end_of_record
TN:
SF:src\app\modules\grading\grading.route.ts
FNF:0
FNH:0
DA:1,2
DA:2,2
DA:3,2
DA:4,2
DA:6,2
DA:7,2
DA:23,2
DA:41,2
DA:71,2
DA:100,2
DA:132,2
DA:138,2
LF:12
LH:12
BRF:0
BRH:0
end_of_record
TN:
SF:src\app\modules\grading\grading.service.ts
FN:53,(anonymous_1)
FN:56,(anonymous_2)
FN:68,(anonymous_3)
FN:85,(anonymous_4)
FN:133,(anonymous_5)
FN:208,(anonymous_6)
FN:221,(anonymous_7)
FN:235,(anonymous_8)
FN:248,(anonymous_9)
FN:260,(anonymous_10)
FNF:10
FNH:0
FNDA:0,(anonymous_1)
FNDA:0,(anonymous_2)
FNDA:0,(anonymous_3)
FNDA:0,(anonymous_4)
FNDA:0,(anonymous_5)
FNDA:0,(anonymous_6)
FNDA:0,(anonymous_7)
FNDA:0,(anonymous_8)
FNDA:0,(anonymous_9)
FNDA:0,(anonymous_10)
DA:1,2
DA:2,2
DA:3,2
DA:4,2
DA:5,2
DA:6,2
DA:12,2
DA:13,2
DA:14,2
DA:15,2
DA:16,2
DA:17,2
DA:18,2
DA:19,2
DA:20,2
DA:21,2
DA:23,2
DA:53,2
DA:54,0
DA:56,2
DA:57,0
DA:58,0
DA:59,0
DA:63,0
DA:64,0
DA:68,2
DA:69,0
DA:72,0
DA:74,0
DA:85,2
DA:86,0
DA:90,0
DA:93,0
DA:94,0
DA:101,0
DA:105,0
DA:110,0
DA:111,0
DA:114,0
DA:117,0
DA:121,0
DA:122,0
DA:125,0
DA:126,0
DA:128,0
DA:130,0
DA:131,0
DA:132,0
DA:133,0
DA:137,0
DA:138,0
DA:145,0
DA:146,0
DA:148,0
DA:149,0
DA:154,0
DA:161,0
DA:167,0
DA:172,0
DA:192,0
DA:193,0
DA:195,0
DA:205,0
DA:208,2
DA:209,0
DA:214,0
DA:215,0
DA:217,0
DA:221,2
DA:222,0
DA:225,0
DA:227,0
DA:228,0
DA:229,0
DA:232,0
DA:235,2
DA:236,0
DA:241,0
DA:242,0
DA:244,0
DA:248,2
DA:249,0
DA:250,0
DA:260,2
DA:261,0
DA:262,0
DA:263,0
DA:264,0
DA:265,0
DA:268,2
LF:90
LH:27
BRDA:59,0,0,0
BRDA:59,0,1,0
BRDA:90,1,0,0
BRDA:90,1,1,0
BRDA:93,2,0,0
BRDA:93,2,1,0
BRDA:101,3,0,0
BRDA:101,3,1,0
BRDA:102,4,0,0
BRDA:102,4,1,0
BRDA:110,5,0,0
BRDA:110,5,1,0
BRDA:114,6,0,0
BRDA:114,6,1,0
BRDA:121,7,0,0
BRDA:121,7,1,0
BRDA:130,8,0,0
BRDA:130,8,1,0
BRDA:199,9,0,0
BRDA:199,9,1,0
BRDA:225,10,0,0
BRDA:225,10,1,0
BRDA:227,11,0,0
BRDA:227,11,1,0
BRDA:228,12,0,0
BRDA:228,12,1,0
BRDA:228,13,0,0
BRDA:228,13,1,0
BRDA:264,14,0,0
BRDA:264,14,1,0
BRF:30
BRH:0
end_of_record
TN:
SF:src\app\modules\health\health.controller.ts
FN:5,(anonymous_1)
FN:36,(anonymous_2)
FNF:2
FNH:2
FNDA:1,(anonymous_1)
FNDA:1,(anonymous_2)
DA:2,2
DA:3,2
DA:5,2
DA:6,1
DA:7,1
DA:9,1
DA:10,1
DA:11,1
DA:12,0
DA:17,1
DA:19,1
DA:36,2
DA:37,1
LF:13
LH:12
BRDA:7,0,0,0
BRDA:7,0,1,1
BRDA:17,1,0,1
BRDA:17,1,1,0
BRDA:19,2,0,0
BRDA:19,2,1,1
BRDA:20,3,0,0
BRDA:20,3,1,1
BRF:8
BRH:4
end_of_record
TN:
SF:src\app\modules\health\health.route.ts
FNF:0
FNH:0
DA:1,2
DA:2,2
DA:4,2
DA:7,2
DA:10,2
DA:12,2
LF:6
LH:6
BRF:0
BRH:0
end_of_record
TN:
SF:src\app\modules\notification\notification.controller.ts
FN:8,(anonymous_1)
FN:26,(anonymous_2)
FN:41,(anonymous_3)
FN:55,(anonymous_4)
FN:70,(anonymous_5)
FN:81,(anonymous_6)
FN:92,(anonymous_7)
FN:107,(anonymous_8)
FNF:8
FNH:0
FNDA:0,(anonymous_1)
FNDA:0,(anonymous_2)
FNDA:0,(anonymous_3)
FNDA:0,(anonymous_4)
FNDA:0,(anonymous_5)
FNDA:0,(anonymous_6)
FNDA:0,(anonymous_7)
FNDA:0,(anonymous_8)
DA:2,2
DA:4,2
DA:5,2
DA:6,2
DA:8,2
DA:11,0
DA:12,0
DA:17,0
DA:26,2
DA:27,0
DA:28,0
DA:33,0
DA:41,2
DA:42,0
DA:43,0
DA:47,0
DA:55,2
DA:56,0
DA:57,0
DA:62,0
DA:70,2
DA:71,0
DA:72,0
DA:73,0
DA:81,2
DA:82,0
DA:83,0
DA:84,0
DA:92,2
DA:93,0
DA:94,0
DA:98,0
DA:107,2
DA:108,0
DA:113,0
DA:121,2
LF:36
LH:13
BRDA:60,0,0,0
BRDA:60,0,1,0
BRF:2
BRH:0
end_of_record
TN:
SF:src\app\modules\notification\notification.interface.ts
FN:13,(anonymous_0)
FN:20,(anonymous_1)
FNF:2
FNH:2
FNDA:3,(anonymous_0)
FNDA:3,(anonymous_1)
DA:13,3
DA:15,3
DA:17,3
DA:20,3
DA:22,3
DA:23,3
DA:24,3
DA:25,3
DA:27,3
DA:31,3
DA:33,3
DA:35,3
DA:37,3
DA:48,3
LF:14
LH:14
BRDA:13,0,0,3
BRDA:13,0,1,3
BRDA:20,1,0,3
BRDA:20,1,1,3
BRF:4
BRH:4
end_of_record
TN:
SF:src\app\modules\notification\notification.model.ts
FNF:0
FNH:0
DA:1,3
DA:2,3
DA:9,3
DA:33,3
DA:35,3
DA:40,3
DA:62,3
LF:7
LH:7
BRF:0
BRH:0
end_of_record
TN:
SF:src\app\modules\notification\notification.route.ts
FNF:0
FNH:0
DA:1,2
DA:2,2
DA:3,2
DA:4,2
DA:5,2
DA:6,2
DA:11,2
DA:12,2
DA:13,2
DA:47,2
DA:79,2
DA:98,2
DA:124,2
DA:130,2
DA:149,2
DA:175,2
DA:201,2
DA:203,2
LF:18
LH:18
BRF:0
BRH:0
end_of_record
TN:
SF:src\app\modules\notification\notification.service.ts
FN:22,(anonymous_1)
FN:49,(anonymous_2)
FN:52,(anonymous_3)
FN:61,(anonymous_4)
FN:104,(anonymous_5)
FN:132,(anonymous_6)
FN:189,(anonymous_7)
FN:217,(anonymous_8)
FN:222,(anonymous_9)
FN:232,(anonymous_10)
FN:250,(anonymous_11)
FN:258,(anonymous_12)
FN:270,(anonymous_13)
FN:290,(anonymous_14)
FN:306,(anonymous_15)
FN:334,(anonymous_16)
FN:351,(anonymous_17)
FN:380,(anonymous_18)
FN:396,(anonymous_19)
FN:407,(anonymous_20)
FN:411,(anonymous_21)
FNF:21
FNH:1
FNDA:0,(anonymous_1)
FNDA:7,(anonymous_2)
FNDA:0,(anonymous_3)
FNDA:0,(anonymous_4)
FNDA:0,(anonymous_5)
FNDA:0,(anonymous_6)
FNDA:0,(anonymous_7)
FNDA:0,(anonymous_8)
FNDA:0,(anonymous_9)
FNDA:0,(anonymous_10)
FNDA:0,(anonymous_11)
FNDA:0,(anonymous_12)
FNDA:0,(anonymous_13)
FNDA:0,(anonymous_14)
FNDA:0,(anonymous_15)
FNDA:0,(anonymous_16)
FNDA:0,(anonymous_17)
FNDA:0,(anonymous_18)
FNDA:0,(anonymous_19)
FNDA:0,(anonymous_20)
FNDA:0,(anonymous_21)
DA:1,3
DA:3,3
DA:4,3
DA:5,3
DA:6,3
DA:7,3
DA:8,3
DA:9,3
DA:10,3
DA:11,3
DA:18,3
DA:22,3
DA:23,0
DA:24,0
DA:25,0
DA:33,3
DA:47,3
DA:49,3
DA:50,7
DA:52,3
DA:53,0
DA:61,3
DA:68,0
DA:69,0
DA:71,0
DA:72,0
DA:74,0
DA:75,0
DA:77,0
DA:88,0
DA:104,3
DA:111,0
DA:113,0
DA:117,0
DA:123,0
DA:132,3
DA:140,0
DA:143,0
DA:148,0
DA:150,0
DA:161,0
DA:169,0
DA:175,0
DA:189,3
DA:195,0
DA:197,0
DA:198,0
DA:204,0
DA:205,0
DA:211,0
DA:212,0
DA:213,0
DA:216,0
DA:218,0
DA:222,0
DA:223,0
DA:224,0
DA:232,0
DA:234,0
DA:235,0
DA:250,3
DA:251,0
DA:257,0
DA:259,0
DA:270,0
DA:271,0
DA:273,0
DA:274,0
DA:277,0
DA:290,3
DA:294,0
DA:295,0
DA:296,0
DA:301,0
DA:303,0
DA:306,3
DA:311,0
DA:316,0
DA:317,0
DA:319,0
DA:324,0
DA:329,0
DA:331,0
DA:334,3
DA:339,0
DA:341,0
DA:346,0
DA:351,3
DA:352,0
DA:357,0
DA:358,0
DA:363,0
DA:369,0
DA:375,0
DA:380,3
DA:385,0
DA:387,0
DA:392,0
DA:393,0
DA:396,3
DA:397,0
DA:401,0
DA:402,0
DA:404,0
DA:407,3
DA:408,0
DA:411,3
DA:415,0
DA:416,0
DA:422,3
LF:110
LH:31
BRDA:24,0,0,0
BRDA:24,0,1,0
BRDA:53,1,0,0
BRDA:53,1,1,0
BRDA:69,2,0,0
BRDA:69,2,1,0
BRDA:72,3,0,0
BRDA:72,3,1,0
BRDA:72,4,0,0
BRDA:72,4,1,0
BRDA:75,5,0,0
BRDA:75,5,1,0
BRDA:75,6,0,0
BRDA:75,6,1,0
BRDA:83,7,0,0
BRDA:83,7,1,0
BRDA:113,8,0,0
BRDA:113,8,1,0
BRDA:148,9,0,0
BRDA:148,9,1,0
BRDA:148,10,0,0
BRDA:148,10,1,0
BRDA:155,11,0,0
BRDA:155,11,1,0
BRDA:156,12,0,0
BRDA:156,12,1,0
BRDA:197,13,0,0
BRDA:197,13,1,0
BRDA:211,14,0,0
BRDA:211,14,1,0
BRDA:223,15,0,0
BRDA:223,15,1,0
BRDA:232,16,0,0
BRDA:232,16,1,0
BRDA:232,17,0,0
BRDA:232,17,1,0
BRDA:273,18,0,0
BRDA:273,18,1,0
BRDA:294,19,0,0
BRDA:294,19,1,0
BRDA:295,20,0,0
BRDA:295,20,1,0
BRDA:357,21,0,0
BRDA:357,21,1,0
BRDA:401,22,0,0
BRDA:401,22,1,0
BRF:46
BRH:0
end_of_record
TN:
SF:src\app\modules\notification\notification.validation.ts
FNF:0
FNH:0
DA:1,2
DA:5,2
DA:24,2
LF:3
LH:3
BRF:0
BRH:0
end_of_record
TN:
SF:src\app\modules\otp\otp.controller.ts
FN:6,(anonymous_1)
FN:18,(anonymous_2)
FNF:2
FNH:0
FNDA:0,(anonymous_1)
FNDA:0,(anonymous_2)
DA:2,2
DA:3,2
DA:4,2
DA:6,2
DA:7,0
DA:8,0
DA:10,0
DA:18,2
DA:19,0
DA:20,0
DA:22,0
DA:30,2
LF:12
LH:6
BRF:0
BRH:0
end_of_record
TN:
SF:src\app\modules\otp\otp.route.ts
FNF:0
FNH:0
DA:1,2
DA:2,2
DA:3,2
DA:4,2
DA:5,2
DA:7,2
DA:37,2
DA:63,2
DA:65,2
LF:9
LH:9
BRF:0
BRH:0
end_of_record
TN:
SF:src\app\modules\otp\otp.service.ts
FN:11,(anonymous_1)
FN:16,(anonymous_2)
FN:46,(anonymous_3)
FNF:3
FNH:0
FNDA:0,(anonymous_1)
FNDA:0,(anonymous_2)
FNDA:0,(anonymous_3)
DA:1,2
DA:2,2
DA:3,2
DA:4,2
DA:5,2
DA:7,2
DA:8,2
DA:9,2
DA:11,2
DA:12,0
DA:13,0
DA:16,2
DA:17,0
DA:19,0
DA:20,0
DA:23,0
DA:24,0
DA:26,0
DA:28,0
DA:29,0
DA:31,0
DA:38,0
DA:46,2
DA:47,0
DA:49,0
DA:50,0
DA:53,0
DA:54,0
DA:57,0
DA:58,0
DA:60,0
DA:61,0
DA:62,0
DA:65,0
DA:66,0
DA:67,0
DA:70,0
DA:71,0
DA:72,0
DA:73,0
DA:75,0
DA:77,0
DA:80,0
DA:83,0
DA:90,2
LF:45
LH:12
BRDA:11,0,0,0
BRDA:19,1,0,0
BRDA:19,1,1,0
BRDA:23,2,0,0
BRDA:23,2,1,0
BRDA:49,3,0,0
BRDA:49,3,1,0
BRDA:53,4,0,0
BRDA:53,4,1,0
BRDA:61,5,0,0
BRDA:61,5,1,0
BRDA:66,6,0,0
BRDA:66,6,1,0
BRDA:70,7,0,0
BRDA:70,7,1,0
BRDA:72,8,0,0
BRDA:72,8,1,0
BRDA:77,9,0,0
BRDA:77,9,1,0
BRDA:78,10,0,0
BRDA:78,10,1,0
BRF:21
BRH:0
end_of_record
TN:
SF:src\app\modules\otp\otp.validation.ts
FNF:0
FNH:0
DA:1,2
DA:3,2
DA:9,2
LF:3
LH:3
BRF:0
BRH:0
end_of_record
TN:
SF:src\app\modules\plan\plan.controller.ts
FN:7,(anonymous_1)
FN:17,(anonymous_2)
FN:27,(anonymous_3)
FN:37,(anonymous_4)
FNF:4
FNH:0
FNDA:0,(anonymous_1)
FNDA:0,(anonymous_2)
FNDA:0,(anonymous_3)
FNDA:0,(anonymous_4)
DA:2,2
DA:3,2
DA:4,2
DA:5,2
DA:7,2
DA:8,0
DA:9,0
DA:17,2
DA:18,0
DA:19,0
DA:27,2
DA:28,0
DA:29,0
DA:37,2
DA:38,0
DA:42,0
DA:50,2
LF:17
LH:9
BRF:0
BRH:0
end_of_record
TN:
SF:src\app\modules\plan\plan.interface.ts
FN:5,(anonymous_0)
FN:15,(anonymous_1)
FNF:2
FNH:2
FNDA:3,(anonymous_0)
FNDA:3,(anonymous_1)
DA:5,3
DA:6,3
DA:7,3
DA:8,3
DA:9,3
DA:15,3
DA:16,3
DA:17,3
LF:8
LH:8
BRDA:5,0,0,3
BRDA:5,0,1,3
BRDA:15,1,0,3
BRDA:15,1,1,3
BRF:4
BRH:4
end_of_record
TN:
SF:src\app\modules\plan\plan.model.ts
FNF:0
FNH:0
DA:1,3
DA:2,3
DA:4,3
DA:37,3
LF:4
LH:4
BRF:0
BRH:0
end_of_record
TN:
SF:src\app\modules\plan\plan.route.ts
FNF:0
FNH:0
DA:1,2
DA:2,2
DA:3,2
DA:4,2
DA:5,2
DA:6,2
DA:8,2
DA:24,2
DA:40,2
DA:85,2
DA:87,2
DA:94,2
LF:12
LH:12
BRF:0
BRH:0
end_of_record
TN:
SF:src\app\modules\plan\plan.service.ts
FN:8,(anonymous_1)
FN:13,(anonymous_2)
FN:17,(anonymous_3)
FN:28,(anonymous_4)
FNF:4
FNH:0
FNDA:0,(anonymous_1)
FNDA:0,(anonymous_2)
FNDA:0,(anonymous_3)
FNDA:0,(anonymous_4)
DA:1,2
DA:2,2
DA:4,2
DA:8,2
DA:9,0
DA:13,2
DA:14,0
DA:17,2
DA:18,0
DA:19,0
DA:20,0
DA:28,2
DA:29,0
DA:30,0
DA:32,0
DA:33,0
DA:34,0
DA:36,0
DA:41,0
DA:44,2
LF:20
LH:8
BRDA:19,0,0,0
BRDA:19,0,1,0
BRDA:30,1,0,0
BRDA:30,1,1,0
BRF:4
BRH:0
end_of_record
TN:
SF:src\app\modules\plan\plan.validation.ts
FNF:0
FNH:0
DA:1,2
DA:2,2
DA:6,2
LF:3
LH:3
BRF:0
BRH:0
end_of_record
TN:
SF:src\app\modules\price\price.controller.ts
FN:11,(anonymous_1)
FN:14,(anonymous_2)
FN:28,(anonymous_3)
FN:32,(anonymous_4)
FN:47,(anonymous_5)
FN:60,(anonymous_6)
FN:81,(anonymous_7)
FNF:7
FNH:0
FNDA:0,(anonymous_1)
FNDA:0,(anonymous_2)
FNDA:0,(anonymous_3)
FNDA:0,(anonymous_4)
FNDA:0,(anonymous_5)
FNDA:0,(anonymous_6)
FNDA:0,(anonymous_7)
DA:2,2
DA:4,2
DA:5,2
DA:6,2
DA:7,2
DA:9,2
DA:11,2
DA:12,0
DA:14,2
DA:15,0
DA:19,0
DA:28,2
DA:29,0
DA:30,0
DA:32,0
DA:35,0
DA:39,0
DA:47,2
DA:48,0
DA:49,0
DA:50,0
DA:60,2
DA:61,0
DA:62,0
DA:63,0
DA:81,2
DA:82,0
DA:83,0
DA:91,2
LF:29
LH:13
BRDA:12,0,0,0
BRDA:12,0,1,0
BRDA:30,1,0,0
BRDA:30,1,1,0
BRDA:30,2,0,0
BRDA:30,2,1,0
BRDA:61,3,0,0
BRDA:61,3,1,0
BRF:8
BRH:0
end_of_record
TN:
SF:src\app\modules\price\price.interface.ts
FN:3,(anonymous_0)
FNF:1
FNH:1
FNDA:3,(anonymous_0)
DA:3,3
DA:4,3
DA:5,3
DA:6,3
DA:7,3
LF:5
LH:5
BRDA:3,0,0,3
BRDA:3,0,1,3
BRF:2
BRH:2
end_of_record
TN:
SF:src\app\modules\price\price.model.ts
FNF:0
FNH:0
DA:1,2
DA:2,2
DA:4,2
DA:37,2
DA:39,2
LF:5
LH:5
BRF:0
BRH:0
end_of_record
TN:
SF:src\app\modules\price\price.route.ts
FNF:0
FNH:0
DA:1,2
DA:2,2
DA:3,2
DA:4,2
DA:5,2
DA:7,2
DA:8,2
DA:28,2
DA:57,2
DA:84,2
DA:123,2
DA:157,2
DA:164,2
LF:13
LH:13
BRF:0
BRH:0
end_of_record
TN:
SF:src\app\modules\price\price.service.ts
FN:18,(anonymous_1)
FN:22,(anonymous_2)
FN:59,(anonymous_3)
FN:64,(anonymous_4)
FN:66,(anonymous_5)
FN:123,(anonymous_6)
FN:151,(anonymous_7)
FN:189,(anonymous_8)
FN:192,(anonymous_9)
FN:198,(anonymous_10)
FN:220,(anonymous_11)
FN:275,(anonymous_12)
FN:306,(anonymous_13)
FN:346,(anonymous_14)
FN:383,(anonymous_15)
FN:435,(anonymous_16)
FN:485,(anonymous_17)
FN:497,(anonymous_18)
FNF:18
FNH:0
FNDA:0,(anonymous_1)
FNDA:0,(anonymous_2)
FNDA:0,(anonymous_3)
FNDA:0,(anonymous_4)
FNDA:0,(anonymous_5)
FNDA:0,(anonymous_6)
FNDA:0,(anonymous_7)
FNDA:0,(anonymous_8)
FNDA:0,(anonymous_9)
FNDA:0,(anonymous_10)
FNDA:0,(anonymous_11)
FNDA:0,(anonymous_12)
FNDA:0,(anonymous_13)
FNDA:0,(anonymous_14)
FNDA:0,(anonymous_15)
FNDA:0,(anonymous_16)
FNDA:0,(anonymous_17)
FNDA:0,(anonymous_18)
DA:1,2
DA:2,2
DA:3,2
DA:4,2
DA:5,2
DA:6,2
DA:8,2
DA:9,2
DA:10,2
DA:11,2
DA:12,2
DA:15,2
DA:18,2
DA:19,0
DA:22,2
DA:23,0
DA:24,0
DA:38,2
DA:47,2
DA:59,2
DA:63,0
DA:64,0
DA:66,0
DA:69,0
DA:71,0
DA:72,0
DA:75,0
DA:84,0
DA:101,0
DA:104,0
DA:106,0
DA:107,0
DA:113,0
DA:123,2
DA:128,0
DA:133,0
DA:134,0
DA:151,2
DA:152,0
DA:153,0
DA:156,0
DA:157,0
DA:163,0
DA:167,0
DA:172,0
DA:173,0
DA:175,0
DA:185,0
DA:188,0
DA:189,0
DA:192,0
DA:193,0
DA:195,0
DA:197,0
DA:198,0
DA:208,0
DA:214,0
DA:220,2
DA:221,0
DA:223,0
DA:231,0
DA:232,0
DA:233,0
DA:237,0
DA:238,0
DA:239,0
DA:242,0
DA:243,0
DA:245,0
DA:251,0
DA:265,0
DA:269,0
DA:270,0
DA:273,0
DA:274,0
DA:276,0
DA:285,0
DA:293,0
DA:306,2
DA:307,0
DA:308,0
DA:310,0
DA:316,0
DA:346,2
DA:347,0
DA:348,0
DA:349,0
DA:355,0
DA:356,0
DA:360,0
DA:362,0
DA:367,0
DA:369,0
DA:376,0
DA:377,0
DA:378,0
DA:382,0
DA:383,0
DA:390,0
DA:391,0
DA:392,0
DA:394,0
DA:395,0
DA:398,0
DA:400,0
DA:404,0
DA:405,0
DA:406,0
DA:412,0
DA:413,0
DA:414,0
DA:417,0
DA:418,0
DA:425,0
DA:435,2
DA:436,0
DA:473,0
DA:475,0
DA:476,0
DA:485,0
DA:486,0
DA:488,0
DA:497,2
DA:498,0
DA:499,0
DA:501,0
DA:503,0
DA:515,2
LF:128
LH:25
BRDA:22,0,0,0
BRDA:23,1,0,0
BRDA:23,1,1,0
BRDA:61,2,0,0
BRDA:69,3,0,0
BRDA:69,3,1,0
BRDA:71,4,0,0
BRDA:71,4,1,0
BRDA:72,5,0,0
BRDA:72,5,1,0
BRDA:75,6,0,0
BRDA:75,6,1,0
BRDA:80,7,0,0
BRDA:80,7,1,0
BRDA:133,8,0,0
BRDA:133,8,1,0
BRDA:133,9,0,0
BRDA:133,9,1,0
BRDA:133,9,2,0
BRDA:153,10,0,0
BRDA:153,10,1,0
BRDA:153,11,0,0
BRDA:153,11,1,0
BRDA:175,12,0,0
BRDA:175,12,1,0
BRDA:193,13,0,0
BRDA:193,13,1,0
BRDA:221,14,0,0
BRDA:221,14,1,0
BRDA:221,15,0,0
BRDA:221,15,1,0
BRDA:242,16,0,0
BRDA:242,16,1,0
BRDA:255,17,0,0
BRDA:255,17,1,0
BRDA:256,18,0,0
BRDA:256,18,1,0
BRDA:257,19,0,0
BRDA:257,19,1,0
BRDA:265,20,0,0
BRDA:265,20,1,0
BRDA:266,21,0,0
BRDA:266,21,1,0
BRDA:273,22,0,0
BRDA:273,22,1,0
BRDA:308,23,0,0
BRDA:308,23,1,0
BRDA:346,24,0,0
BRDA:347,25,0,0
BRDA:347,25,1,0
BRDA:369,26,0,0
BRDA:369,26,1,0
BRDA:377,27,0,0
BRDA:377,27,1,0
BRDA:398,28,0,0
BRDA:398,28,1,0
BRDA:412,29,0,0
BRDA:412,29,1,0
BRDA:412,30,0,0
BRDA:412,30,1,0
BRDA:414,31,0,0
BRDA:414,31,1,0
BRDA:475,32,0,0
BRDA:475,32,1,0
BRDA:475,33,0,0
BRDA:475,33,1,0
BRDA:478,34,0,0
BRDA:478,34,1,0
BRDA:499,35,0,0
BRDA:499,35,1,0
BRDA:509,36,0,0
BRDA:509,36,1,0
BRF:72
BRH:0
end_of_record
TN:
SF:src\app\modules\slab\slab.composite.ts
FN:51,(anonymous_1)
FN:52,(anonymous_2)
FN:58,(anonymous_3)
FN:66,(anonymous_4)
FN:92,(anonymous_5)
FN:163,(anonymous_6)
FN:361,(anonymous_7)
FN:450,(anonymous_8)
FN:485,(anonymous_9)
FN:516,(anonymous_10)
FN:583,(anonymous_11)
FN:588,(anonymous_12)
FNF:12
FNH:9
FNDA:125,(anonymous_1)
FNDA:5,(anonymous_2)
FNDA:62,(anonymous_3)
FNDA:19,(anonymous_4)
FNDA:16,(anonymous_5)
FNDA:96,(anonymous_6)
FNDA:2,(anonymous_7)
FNDA:3,(anonymous_8)
FNDA:0,(anonymous_9)
FNDA:1,(anonymous_10)
FNDA:0,(anonymous_11)
FNDA:0,(anonymous_12)
DA:1,3
DA:2,3
DA:3,3
DA:51,3
DA:52,125
DA:53,5
DA:58,3
DA:59,62
DA:66,3
DA:67,19
DA:92,3
DA:96,16
DA:115,16
DA:116,16
DA:117,16
DA:122,16
DA:123,16
DA:124,16
DA:125,16
DA:131,16
DA:132,16
DA:134,16
DA:135,16
DA:136,16
DA:137,16
DA:140,16
DA:141,16
DA:142,16
DA:144,16
DA:145,16
DA:163,16
DA:169,96
DA:180,16
DA:182,16
DA:183,16
DA:191,16
DA:192,16
DA:198,16
DA:199,16
DA:200,16
DA:206,16
DA:215,16
DA:219,16
DA:220,16
DA:221,16
DA:223,16
DA:226,16
DA:231,16
DA:235,16
DA:239,16
DA:243,16
DA:244,16
DA:249,16
DA:252,16
DA:256,16
DA:258,16
DA:259,16
DA:263,16
DA:342,16
DA:361,3
DA:362,2
DA:364,2
DA:366,2
DA:367,2
DA:369,2
DA:372,2
DA:373,2
DA:374,2
DA:375,2
DA:377,2
DA:430,2
DA:450,3
DA:454,3
DA:455,3
DA:457,3
DA:472,3
DA:478,3
DA:485,3
DA:486,0
DA:496,0
DA:516,3
DA:523,1
DA:527,1
DA:545,1
DA:557,1
DA:558,0
DA:563,1
DA:564,0
DA:567,1
DA:583,3
DA:588,0
DA:590,0
DA:591,0
DA:592,0
DA:594,0
DA:601,0
LF:96
LH:86
BRDA:53,0,0,5
BRDA:53,0,1,0
BRDA:59,1,0,60
BRDA:59,1,1,2
BRDA:67,2,0,17
BRDA:67,2,1,2
BRDA:167,3,0,0
BRDA:167,4,0,48
BRDA:167,5,0,16
BRDA:223,6,0,16
BRDA:223,6,1,0
BRDA:226,7,0,16
BRDA:226,7,1,0
BRDA:231,8,0,16
BRDA:231,8,1,0
BRDA:293,9,0,1
BRDA:293,9,1,15
BRDA:298,10,0,15
BRDA:298,10,1,0
BRDA:303,11,0,16
BRDA:303,11,1,0
BRDA:312,12,0,15
BRDA:312,12,1,1
BRDA:313,13,0,15
BRDA:313,13,1,1
BRDA:315,14,0,15
BRDA:315,14,1,1
BRDA:333,15,0,2
BRDA:333,15,1,14
BRDA:521,16,0,0
BRDA:557,17,0,0
BRDA:557,17,1,1
BRDA:563,18,0,0
BRDA:563,18,1,1
BRF:34
BRH:24
end_of_record
TN:
SF:src\app\modules\slab\slab.controller.ts
FN:9,(anonymous_1)
FN:24,(anonymous_2)
FN:40,(anonymous_3)
FN:57,(anonymous_4)
FN:68,(anonymous_5)
FN:83,(anonymous_6)
FNF:6
FNH:0
FNDA:0,(anonymous_1)
FNDA:0,(anonymous_2)
FNDA:0,(anonymous_3)
FNDA:0,(anonymous_4)
FNDA:0,(anonymous_5)
FNDA:0,(anonymous_6)
DA:2,2
DA:4,2
DA:5,2
DA:6,2
DA:7,2
DA:9,2
DA:10,0
DA:11,0
DA:16,0
DA:24,2
DA:25,0
DA:26,0
DA:30,0
DA:40,2
DA:41,0
DA:42,0
DA:47,0
DA:57,2
DA:58,0
DA:59,0
DA:63,0
DA:64,0
DA:65,0
DA:68,2
DA:69,0
DA:70,0
DA:74,0
DA:83,2
DA:84,0
DA:85,0
DA:89,0
DA:97,2
LF:32
LH:12
BRDA:14,0,0,0
BRDA:14,0,1,0
BRF:2
BRH:0
end_of_record
TN:
SF:src\app\modules\slab\slab.geometry.ts
FN:14,(anonymous_0)
FN:56,(anonymous_1)
FNF:2
FNH:2
FNDA:90,(anonymous_0)
FNDA:8,(anonymous_1)
DA:1,4
DA:14,4
DA:15,90
DA:56,4
DA:57,8
DA:58,8
DA:60,8
DA:61,8
DA:62,8
DA:63,8
DA:65,8
DA:66,8
DA:67,8
DA:68,8
DA:69,8
DA:71,8
DA:72,8
DA:73,8
DA:74,8
DA:76,8
DA:77,8
DA:78,8
DA:83,8
DA:87,8
DA:89,8
LF:25
LH:25
BRDA:14,0,0,90
BRF:1
BRH:1
end_of_record
TN:
SF:src\app\modules\slab\slab.interface.ts
FN:7,(anonymous_0)
FNF:1
FNH:1
FNDA:2,(anonymous_0)
DA:7,2
DA:8,2
DA:9,2
DA:10,2
DA:11,2
LF:5
LH:5
BRDA:7,0,0,2
BRDA:7,0,1,2
BRF:2
BRH:2
end_of_record
TN:
SF:src\app\modules\slab\slab.model.ts
FNF:0
FNH:0
DA:1,2
DA:2,2
DA:7,2
DA:9,2
DA:62,2
DA:63,2
DA:65,2
DA:67,2
DA:91,2
DA:92,2
DA:94,2
LF:11
LH:11
BRF:0
BRH:0
end_of_record
TN:
SF:src\app\modules\slab\slab.route.ts
FNF:0
FNH:0
DA:1,2
DA:2,2
DA:3,2
DA:4,2
DA:5,2
DA:6,2
DA:12,2
DA:13,2
DA:48,2
DA:55,2
DA:77,2
DA:103,2
DA:145,2
DA:177,2
DA:179,2
LF:15
LH:15
BRF:0
BRH:0
end_of_record
TN:
SF:src\app\modules\slab\slab.service.ts
FN:36,(anonymous_1)
FN:45,(anonymous_2)
FN:55,(anonymous_3)
FN:89,(anonymous_4)
FN:122,(anonymous_5)
FN:136,(anonymous_6)
FN:161,(anonymous_7)
FN:201,(anonymous_8)
FN:219,(anonymous_9)
FN:222,(anonymous_10)
FN:237,(anonymous_11)
FN:261,(anonymous_12)
FN:290,(anonymous_13)
FN:324,(anonymous_14)
FN:360,(anonymous_15)
FN:426,(anonymous_16)
FN:438,(anonymous_17)
FN:472,(anonymous_18)
FN:480,(anonymous_19)
FN:501,(anonymous_20)
FN:516,(anonymous_21)
FN:558,(anonymous_22)
FN:570,(anonymous_23)
FNF:23
FNH:0
FNDA:0,(anonymous_1)
FNDA:0,(anonymous_2)
FNDA:0,(anonymous_3)
FNDA:0,(anonymous_4)
FNDA:0,(anonymous_5)
FNDA:0,(anonymous_6)
FNDA:0,(anonymous_7)
FNDA:0,(anonymous_8)
FNDA:0,(anonymous_9)
FNDA:0,(anonymous_10)
FNDA:0,(anonymous_11)
FNDA:0,(anonymous_12)
FNDA:0,(anonymous_13)
FNDA:0,(anonymous_14)
FNDA:0,(anonymous_15)
FNDA:0,(anonymous_16)
FNDA:0,(anonymous_17)
FNDA:0,(anonymous_18)
FNDA:0,(anonymous_19)
FNDA:0,(anonymous_20)
FNDA:0,(anonymous_21)
FNDA:0,(anonymous_22)
FNDA:0,(anonymous_23)
DA:1,2
DA:3,2
DA:4,2
DA:5,2
DA:6,2
DA:7,2
DA:12,2
DA:13,2
DA:14,2
DA:15,2
DA:16,2
DA:17,2
DA:18,2
DA:19,2
DA:20,2
DA:21,2
DA:22,2
DA:24,2
DA:36,2
DA:37,0
DA:45,2
DA:46,0
DA:55,2
DA:56,0
DA:57,0
DA:66,0
DA:67,0
DA:72,2
DA:73,2
DA:89,2
DA:92,0
DA:93,0
DA:94,0
DA:98,0
DA:100,0
DA:101,0
DA:106,0
DA:109,0
DA:111,0
DA:113,0
DA:114,0
DA:121,0
DA:122,0
DA:127,0
DA:136,2
DA:139,0
DA:144,0
DA:161,2
DA:166,0
DA:167,0
DA:174,0
DA:176,0
DA:182,0
DA:183,0
DA:186,0
DA:187,0
DA:190,0
DA:191,0
DA:194,0
DA:201,2
DA:202,0
DA:203,0
DA:204,0
DA:207,0
DA:208,0
DA:213,0
DA:215,0
DA:219,2
DA:220,0
DA:222,0
DA:229,2
DA:237,2
DA:240,0
DA:242,0
DA:243,0
DA:244,0
DA:249,0
DA:254,0
DA:256,0
DA:257,0
DA:261,2
DA:267,0
DA:290,2
DA:295,0
DA:299,0
DA:301,0
DA:307,0
DA:324,2
DA:325,0
DA:326,0
DA:328,0
DA:332,0
DA:342,0
DA:344,0
DA:359,0
DA:360,0
DA:364,0
DA:367,0
DA:368,0
DA:369,0
DA:374,0
DA:375,0
DA:381,0
DA:387,0
DA:398,0
DA:399,0
DA:401,0
DA:405,0
DA:406,0
DA:410,0
DA:413,0
DA:415,0
DA:426,2
DA:432,0
DA:433,0
DA:434,0
DA:438,0
DA:440,0
DA:441,0
DA:442,0
DA:443,0
DA:445,0
DA:446,0
DA:450,0
DA:455,0
DA:459,0
DA:462,0
DA:463,0
DA:472,2
DA:477,0
DA:478,0
DA:480,0
DA:481,0
DA:482,0
DA:488,0
DA:501,2
DA:502,0
DA:503,0
DA:505,0
DA:506,0
DA:507,0
DA:508,0
DA:509,0
DA:510,0
DA:512,0
DA:516,2
DA:517,0
DA:518,0
DA:519,0
DA:520,0
DA:526,0
DA:530,0
DA:537,0
DA:541,0
DA:547,0
DA:558,2
DA:559,0
DA:564,0
DA:565,0
DA:567,0
DA:570,2
DA:571,0
DA:574,0
DA:575,0
DA:578,2
LF:165
LH:40
BRDA:89,0,0,0
BRDA:98,1,0,0
BRDA:98,1,1,0
BRDA:100,2,0,0
BRDA:100,2,1,0
BRDA:100,3,0,0
BRDA:100,3,1,0
BRDA:111,4,0,0
BRDA:111,4,1,0
BRDA:121,5,0,0
BRDA:121,5,1,0
BRDA:130,6,0,0
BRDA:130,6,1,0
BRDA:166,7,0,0
BRDA:166,7,1,0
BRDA:172,8,0,0
BRDA:172,8,1,0
BRDA:174,9,0,0
BRDA:174,9,1,0
BRDA:182,10,0,0
BRDA:182,10,1,0
BRDA:182,11,0,0
BRDA:182,11,1,0
BRDA:187,12,0,0
BRDA:187,12,1,0
BRDA:190,13,0,0
BRDA:190,13,1,0
BRDA:203,14,0,0
BRDA:203,14,1,0
BRDA:208,15,0,0
BRDA:208,15,1,0
BRDA:240,16,0,0
BRDA:240,16,1,0
BRDA:244,17,0,0
BRDA:244,17,1,0
BRDA:272,18,0,0
BRDA:272,18,1,0
BRDA:281,19,0,0
BRDA:281,19,1,0
BRDA:326,20,0,0
BRDA:326,20,1,0
BRDA:345,21,0,0
BRDA:345,21,1,0
BRDA:354,22,0,0
BRDA:354,22,1,0
BRDA:359,23,0,0
BRDA:359,23,1,0
BRDA:367,24,0,0
BRDA:367,24,1,0
BRDA:374,25,0,0
BRDA:374,25,1,0
BRDA:399,26,0,0
BRDA:399,26,1,0
BRDA:415,27,0,0
BRDA:415,27,1,0
BRDA:432,28,0,0
BRDA:432,28,1,0
BRDA:438,29,0,0
BRDA:438,29,1,0
BRDA:445,30,0,0
BRDA:445,30,1,0
BRDA:478,31,0,0
BRDA:478,31,1,0
BRDA:481,32,0,0
BRDA:481,32,1,0
BRDA:503,33,0,0
BRDA:503,33,1,0
BRDA:518,34,0,0
BRDA:518,34,1,0
BRDA:519,35,0,0
BRDA:519,35,1,0
BRDA:537,36,0,0
BRDA:537,36,1,0
BRDA:574,37,0,0
BRDA:574,37,1,0
BRF:75
BRH:0
end_of_record
TN:
SF:src\app\modules\slab\slab.validation.ts
FNF:0
FNH:0
DA:1,2
DA:2,2
DA:4,2
DA:13,2
DA:18,2
DA:20,2
LF:6
LH:6
BRF:0
BRH:0
end_of_record
TN:
SF:src\app\modules\subscription\subscription.controller.ts
FN:11,(anonymous_1)
FN:33,(anonymous_2)
FN:45,(anonymous_3)
FN:57,(anonymous_4)
FN:68,(anonymous_5)
FN:81,(anonymous_6)
FNF:6
FNH:0
FNDA:0,(anonymous_1)
FNDA:0,(anonymous_2)
FNDA:0,(anonymous_3)
FNDA:0,(anonymous_4)
FNDA:0,(anonymous_5)
FNDA:0,(anonymous_6)
DA:2,2
DA:4,2
DA:5,2
DA:6,2
DA:7,2
DA:9,2
DA:11,2
DA:12,0
DA:13,0
DA:18,0
DA:33,2
DA:34,0
DA:35,0
DA:36,0
DA:39,0
DA:40,0
DA:42,0
DA:45,2
DA:46,0
DA:47,0
DA:48,0
DA:57,2
DA:58,0
DA:59,0
DA:60,0
DA:68,2
DA:69,0
DA:72,0
DA:81,2
DA:82,0
DA:83,0
DA:91,2
LF:32
LH:13
BRDA:35,0,0,0
BRDA:35,0,1,0
BRF:2
BRH:0
end_of_record
TN:
SF:src\app\modules\subscription\subscription.interface.ts
FN:5,(anonymous_0)
FN:10,(anonymous_1)
FNF:2
FNH:2
FNDA:3,(anonymous_0)
FNDA:3,(anonymous_1)
DA:5,3
DA:6,3
DA:7,3
DA:10,3
DA:11,3
DA:12,3
DA:13,3
DA:14,3
LF:8
LH:8
BRDA:5,0,0,3
BRDA:5,0,1,3
BRDA:10,1,0,3
BRDA:10,1,1,3
BRF:4
BRH:4
end_of_record
TN:
SF:src\app\modules\subscription\subscription.model.ts
FNF:0
FNH:0
DA:1,3
DA:2,3
DA:8,3
DA:32,3
DA:35,3
DA:40,3
LF:6
LH:6
BRF:0
BRH:0
end_of_record
TN:
SF:src\app\modules\subscription\subscription.route.ts
FNF:0
FNH:0
DA:1,2
DA:2,2
DA:3,2
DA:4,2
DA:5,2
DA:6,2
DA:8,2
DA:9,2
DA:23,2
DA:49,2
DA:71,2
DA:114,2
DA:138,2
DA:144,2
DA:153,2
DA:170,2
LF:16
LH:16
BRF:0
BRH:0
end_of_record
TN:
SF:src\app\modules\subscription\subscription.service.ts
FN:28,(anonymous_1)
FN:37,(anonymous_2)
FN:49,(anonymous_3)
FN:100,(anonymous_4)
FN:168,(anonymous_5)
FN:195,(anonymous_6)
FN:210,(anonymous_7)
FN:276,(anonymous_8)
FN:296,(anonymous_9)
FN:319,(anonymous_10)
FN:422,(anonymous_11)
FNF:11
FNH:0
FNDA:0,(anonymous_1)
FNDA:0,(anonymous_2)
FNDA:0,(anonymous_3)
FNDA:0,(anonymous_4)
FNDA:0,(anonymous_5)
FNDA:0,(anonymous_6)
FNDA:0,(anonymous_7)
FNDA:0,(anonymous_8)
FNDA:0,(anonymous_9)
FNDA:0,(anonymous_10)
FNDA:0,(anonymous_11)
DA:1,2
DA:2,2
DA:4,2
DA:5,2
DA:6,2
DA:7,2
DA:8,2
DA:9,2
DA:10,2
DA:11,2
DA:12,2
DA:13,2
DA:14,2
DA:15,2
DA:16,2
DA:17,2
DA:18,2
DA:28,2
DA:32,0
DA:37,2
DA:49,2
DA:54,0
DA:55,0
DA:56,0
DA:57,0
DA:64,0
DA:67,0
DA:68,0
DA:74,0
DA:75,0
DA:77,0
DA:91,0
DA:100,2
DA:109,0
DA:110,0
DA:111,0
DA:112,0
DA:115,0
DA:131,0
DA:144,0
DA:146,0
DA:158,0
DA:165,0
DA:168,2
DA:169,0
DA:174,0
DA:176,0
DA:185,0
DA:192,0
DA:195,2
DA:196,0
DA:210,2
DA:211,0
DA:213,0
DA:214,0
DA:215,0
DA:216,0
DA:219,0
DA:221,0
DA:227,0
DA:232,0
DA:235,0
DA:237,0
DA:240,0
DA:242,0
DA:243,0
DA:244,0
DA:246,0
DA:247,0
DA:249,0
DA:253,0
DA:256,0
DA:257,0
DA:259,0
DA:263,0
DA:264,0
DA:268,0
DA:276,2
DA:277,0
DA:281,0
DA:282,0
DA:285,0
DA:289,0
DA:290,0
DA:292,0
DA:296,2
DA:297,0
DA:300,0
DA:301,0
DA:303,0
DA:319,2
DA:320,0
DA:321,0
DA:322,0
DA:324,0
DA:327,0
DA:332,0
DA:333,0
DA:336,0
DA:359,0
DA:360,0
DA:361,0
DA:366,0
DA:388,0
DA:402,0
DA:404,0
DA:422,2
DA:423,0
DA:476,0
DA:478,0
DA:486,2
LF:111
LH:29
BRDA:32,0,0,0
BRDA:32,0,1,0
BRDA:55,1,0,0
BRDA:55,1,1,0
BRDA:56,2,0,0
BRDA:56,2,1,0
BRDA:64,3,0,0
BRDA:64,3,1,0
BRDA:67,4,0,0
BRDA:67,4,1,0
BRDA:75,5,0,0
BRDA:75,5,1,0
BRDA:110,6,0,0
BRDA:110,6,1,0
BRDA:124,7,0,0
BRDA:124,7,1,0
BRDA:139,8,0,0
BRDA:139,8,1,0
BRDA:150,9,0,0
BRDA:150,9,1,0
BRDA:151,10,0,0
BRDA:151,10,1,0
BRDA:174,11,0,0
BRDA:174,11,1,0
BRDA:211,12,0,0
BRDA:211,12,1,0
BRDA:211,12,2,0
BRDA:211,12,3,0
BRDA:211,12,4,0
BRDA:214,13,0,0
BRDA:214,13,1,0
BRDA:215,14,0,0
BRDA:215,14,1,0
BRDA:215,15,0,0
BRDA:215,15,1,0
BRDA:215,15,2,0
BRDA:235,16,0,0
BRDA:235,16,1,0
BRDA:240,17,0,0
BRDA:240,17,1,0
BRDA:243,18,0,0
BRDA:243,18,1,0
BRDA:256,19,0,0
BRDA:256,19,1,0
BRDA:281,20,0,0
BRDA:281,20,1,0
BRDA:320,21,0,0
BRDA:320,21,1,0
BRDA:321,22,0,0
BRDA:321,22,1,0
BRDA:322,23,0,0
BRDA:322,23,1,0
BRDA:327,24,0,0
BRDA:327,24,1,0
BRDA:332,25,0,0
BRDA:332,25,1,0
BRDA:332,26,0,0
BRDA:332,26,1,0
BRDA:359,27,0,0
BRDA:359,27,1,0
BRDA:402,28,0,0
BRDA:402,28,1,0
BRDA:405,29,0,0
BRDA:405,29,1,0
BRDA:479,30,0,0
BRDA:479,30,1,0
BRDA:480,31,0,0
BRDA:480,31,1,0
BRDA:481,32,0,0
BRDA:481,32,1,0
BRDA:482,33,0,0
BRDA:482,33,1,0
BRF:72
BRH:0
end_of_record
TN:
SF:src\app\modules\subscription\subscription.validation.ts
FNF:0
FNH:0
DA:1,2
DA:2,2
DA:6,2
LF:3
LH:3
BRF:0
BRH:0
end_of_record
TN:
SF:src\app\modules\support\support.controller.ts
FN:9,(anonymous_1)
FN:20,(anonymous_2)
FN:35,(anonymous_3)
FN:48,(anonymous_4)
FN:63,(anonymous_5)
FN:79,(anonymous_6)
FNF:6
FNH:0
FNDA:0,(anonymous_1)
FNDA:0,(anonymous_2)
FNDA:0,(anonymous_3)
FNDA:0,(anonymous_4)
FNDA:0,(anonymous_5)
FNDA:0,(anonymous_6)
DA:2,2
DA:4,2
DA:5,2
DA:7,2
DA:9,2
DA:10,0
DA:11,0
DA:12,0
DA:20,2
DA:21,0
DA:22,0
DA:26,0
DA:35,2
DA:36,0
DA:39,0
DA:48,2
DA:49,0
DA:50,0
DA:55,0
DA:63,2
DA:64,0
DA:65,0
DA:71,0
DA:79,2
DA:80,0
DA:84,0
DA:92,2
LF:27
LH:11
BRF:0
BRH:0
end_of_record
TN:
SF:src\app\modules\support\support.interface.ts
FN:3,(anonymous_0)
FNF:1
FNH:1
FNDA:2,(anonymous_0)
DA:3,2
DA:4,2
DA:5,2
DA:6,2
DA:7,2
LF:5
LH:5
BRDA:3,0,0,2
BRDA:3,0,1,2
BRF:2
BRH:2
end_of_record
TN:
SF:src\app\modules\support\support.model.ts
FNF:0
FNH:0
DA:1,2
DA:2,2
DA:8,2
DA:24,2
DA:25,2
DA:27,2
DA:32,2
DA:50,2
DA:52,2
LF:9
LH:9
BRF:0
BRH:0
end_of_record
TN:
SF:src\app\modules\support\support.route.ts
FNF:0
FNH:0
DA:1,2
DA:2,2
DA:3,2
DA:4,2
DA:5,2
DA:6,2
DA:12,2
DA:13,2
DA:37,2
DA:44,2
DA:66,2
DA:97,2
DA:124,2
DA:151,2
DA:158,2
LF:15
LH:15
BRF:0
BRH:0
end_of_record
TN:
SF:src\app\modules\support\support.service.ts
FN:10,(anonymous_1)
FN:39,(anonymous_2)
FN:51,(anonymous_3)
FN:73,(anonymous_4)
FN:103,(anonymous_5)
FN:156,(anonymous_6)
FNF:6
FNH:0
FNDA:0,(anonymous_1)
FNDA:0,(anonymous_2)
FNDA:0,(anonymous_3)
FNDA:0,(anonymous_4)
FNDA:0,(anonymous_5)
FNDA:0,(anonymous_6)
DA:1,2
DA:2,2
DA:3,2
DA:4,2
DA:5,2
DA:6,2
DA:7,2
DA:8,2
DA:10,2
DA:14,0
DA:20,0
DA:29,0
DA:36,0
DA:39,2
DA:40,0
DA:45,0
DA:46,0
DA:48,0
DA:51,2
DA:52,0
DA:57,0
DA:63,0
DA:65,0
DA:73,2
DA:74,0
DA:78,0
DA:80,0
DA:81,0
DA:82,0
DA:85,0
DA:89,0
DA:103,2
DA:109,0
DA:110,0
DA:112,0
DA:113,0
DA:114,0
DA:117,0
DA:118,0
DA:124,0
DA:131,0
DA:132,0
DA:134,0
DA:135,0
DA:145,0
DA:153,0
DA:156,2
DA:157,0
DA:162,0
DA:164,0
DA:165,0
DA:173,0
DA:176,2
LF:53
LH:15
BRDA:78,0,0,0
BRDA:78,0,1,0
BRDA:80,1,0,0
BRDA:80,1,1,0
BRDA:81,2,0,0
BRDA:81,2,1,0
BRDA:81,3,0,0
BRDA:81,3,1,0
BRDA:81,4,0,0
BRDA:81,4,1,0
BRDA:110,5,0,0
BRDA:110,5,1,0
BRDA:112,6,0,0
BRDA:112,6,1,0
BRDA:113,7,0,0
BRDA:113,7,1,0
BRDA:113,8,0,0
BRDA:113,8,1,0
BRDA:117,9,0,0
BRDA:117,9,1,0
BRDA:131,10,0,0
BRDA:131,10,1,0
BRDA:134,11,0,0
BRDA:134,11,1,0
BRDA:162,12,0,0
BRDA:162,12,1,0
BRDA:164,13,0,0
BRDA:164,13,1,0
BRF:28
BRH:0
end_of_record
TN:
SF:src\app\modules\support\support.validation.ts
FNF:0
FNH:0
DA:1,2
DA:2,2
DA:4,2
DA:15,2
DA:22,2
LF:5
LH:5
BRF:0
BRH:0
end_of_record
TN:
SF:src\app\modules\transaction\transaction.controller.ts
FN:8,(anonymous_1)
FN:23,(anonymous_2)
FN:36,(anonymous_3)
FN:48,(anonymous_4)
FNF:4
FNH:0
FNDA:0,(anonymous_1)
FNDA:0,(anonymous_2)
FNDA:0,(anonymous_3)
FNDA:0,(anonymous_4)
DA:2,2
DA:4,2
DA:5,2
DA:6,2
DA:8,2
DA:9,0
DA:10,0
DA:14,0
DA:23,2
DA:24,0
DA:27,0
DA:36,2
DA:37,0
DA:38,0
DA:39,0
DA:40,0
DA:48,2
DA:49,0
DA:50,0
DA:51,0
DA:59,2
LF:21
LH:9
BRDA:37,0,0,0
BRDA:37,0,1,0
BRDA:38,1,0,0
BRDA:38,1,1,0
BRDA:49,2,0,0
BRDA:49,2,1,0
BRF:6
BRH:0
end_of_record
TN:
SF:src\app\modules\transaction\transaction.interface.ts
FN:5,(anonymous_0)
FN:10,(anonymous_1)
FNF:2
FNH:2
FNDA:2,(anonymous_0)
FNDA:2,(anonymous_1)
DA:5,2
DA:6,2
DA:7,2
DA:10,2
DA:11,2
DA:12,2
DA:13,2
DA:14,2
LF:8
LH:8
BRDA:5,0,0,2
BRDA:5,0,1,2
BRDA:10,1,0,2
BRDA:10,1,1,2
BRF:4
BRH:4
end_of_record
TN:
SF:src\app\modules\transaction\transaction.model.ts
FNF:0
FNH:0
DA:1,2
DA:2,2
DA:4,2
DA:28,2
DA:29,2
DA:31,2
LF:6
LH:6
BRF:0
BRH:0
end_of_record
TN:
SF:src\app\modules\transaction\transaction.route.ts
FNF:0
FNH:0
DA:1,2
DA:2,2
DA:3,2
DA:4,2
DA:6,2
DA:7,2
DA:8,2
DA:22,2
DA:56,2
DA:79,2
DA:99,2
DA:105,2
LF:12
LH:12
BRF:0
BRH:0
end_of_record
TN:
SF:src\app\modules\transaction\transaction.service.ts
FN:7,(anonymous_0)
FN:22,(anonymous_1)
FN:43,(anonymous_2)
FN:74,(anonymous_3)
FN:75,(anonymous_4)
FN:79,(anonymous_5)
FN:91,(anonymous_6)
FNF:7
FNH:0
FNDA:0,(anonymous_0)
FNDA:0,(anonymous_1)
FNDA:0,(anonymous_2)
FNDA:0,(anonymous_3)
FNDA:0,(anonymous_4)
FNDA:0,(anonymous_5)
FNDA:0,(anonymous_6)
DA:2,2
DA:3,2
DA:4,2
DA:7,2
DA:11,0
DA:16,0
DA:17,0
DA:19,0
DA:22,2
DA:23,0
DA:30,0
DA:31,0
DA:33,0
DA:43,2
DA:44,0
DA:45,0
DA:46,0
DA:48,0
DA:49,0
DA:51,0
DA:62,0
DA:64,0
DA:74,0
DA:75,0
DA:77,0
DA:79,0
DA:91,2
DA:92,0
DA:93,0
DA:95,0
DA:111,2
LF:31
LH:8
BRDA:45,0,0,0
BRDA:45,0,1,0
BRDA:46,1,0,0
BRDA:46,1,1,0
BRDA:49,2,0,0
BRDA:49,2,1,0
BRDA:68,3,0,0
BRDA:68,3,1,0
BRDA:81,4,0,0
BRDA:81,4,1,0
BRDA:82,5,0,0
BRDA:82,5,1,0
BRDA:83,6,0,0
BRDA:83,6,1,0
BRDA:84,7,0,0
BRDA:84,7,1,0
BRDA:85,8,0,0
BRDA:85,8,1,0
BRDA:86,9,0,0
BRDA:86,9,1,0
BRDA:91,10,0,0
BRF:21
BRH:0
end_of_record
TN:
SF:src\app\modules\upload\upload.controller.ts
FN:9,(anonymous_1)
FN:14,(anonymous_2)
FNF:2
FNH:0
FNDA:0,(anonymous_1)
FNDA:0,(anonymous_2)
DA:2,2
DA:3,2
DA:4,2
DA:5,2
DA:9,2
DA:14,2
DA:15,0
DA:17,0
DA:18,0
DA:22,0
DA:26,0
DA:34,2
LF:12
LH:7
BRDA:17,0,0,0
BRDA:17,0,1,0
BRDA:17,1,0,0
BRDA:17,1,1,0
BRDA:22,2,0,0
BRDA:22,2,1,0
BRF:6
BRH:0
end_of_record
TN:
SF:src\app\modules\upload\upload.route.ts
FNF:0
FNH:0
DA:1,2
DA:2,2
DA:3,2
DA:4,2
DA:5,2
DA:7,2
DA:8,2
DA:47,2
DA:54,2
LF:9
LH:9
BRF:0
BRH:0
end_of_record
TN:
SF:src\app\modules\user\user.controller.ts
FN:8,(anonymous_1)
FN:18,(anonymous_2)
FN:32,(anonymous_3)
FN:43,(anonymous_4)
FN:53,(anonymous_5)
FN:64,(anonymous_6)
FN:74,(anonymous_7)
FNF:7
FNH:0
FNDA:0,(anonymous_1)
FNDA:0,(anonymous_2)
FNDA:0,(anonymous_3)
FNDA:0,(anonymous_4)
FNDA:0,(anonymous_5)
FNDA:0,(anonymous_6)
FNDA:0,(anonymous_7)
DA:2,2
DA:4,2
DA:5,2
DA:6,2
DA:8,2
DA:9,0
DA:10,0
DA:18,2
DA:19,0
DA:24,0
DA:32,2
DA:33,0
DA:34,0
DA:43,2
DA:44,0
DA:45,0
DA:53,2
DA:54,0
DA:55,0
DA:56,0
DA:64,2
DA:65,0
DA:66,0
DA:74,2
DA:75,0
DA:76,0
DA:77,0
DA:85,2
LF:28
LH:12
BRF:0
BRH:0
end_of_record
TN:
SF:src\app\modules\user\user.interface.ts
FN:3,(anonymous_0)
FNF:1
FNH:1
FNDA:3,(anonymous_0)
DA:3,3
DA:4,3
DA:5,3
DA:6,3
LF:4
LH:4
BRDA:3,0,0,3
BRDA:3,0,1,3
BRF:2
BRH:2
end_of_record
TN:
SF:src\app\modules\user\user.model.ts
FNF:0
FNH:0
DA:1,3
DA:2,3
DA:4,3
DA:48,3
DA:50,3
LF:5
LH:5
BRF:0
BRH:0
end_of_record
TN:
SF:src\app\modules\user\user.route.ts
FNF:0
FNH:0
DA:1,2
DA:2,2
DA:3,2
DA:4,2
DA:5,2
DA:6,2
DA:8,2
DA:38,2
DA:71,2
DA:110,2
DA:116,2
DA:196,2
DA:202,2
DA:209,2
DA:215,2
LF:15
LH:15
BRF:0
BRH:0
end_of_record
TN:
SF:src\app\modules\user\user.service.ts
FN:15,(anonymous_1)
FN:26,(anonymous_2)
FN:54,(anonymous_3)
FN:75,(anonymous_4)
FN:124,(anonymous_5)
FN:182,(anonymous_6)
FN:198,(anonymous_7)
FN:205,(anonymous_8)
FN:211,(anonymous_9)
FN:219,(anonymous_10)
FN:225,(anonymous_11)
FN:231,(anonymous_12)
FN:241,(anonymous_13)
FNF:13
FNH:0
FNDA:0,(anonymous_1)
FNDA:0,(anonymous_2)
FNDA:0,(anonymous_3)
FNDA:0,(anonymous_4)
FNDA:0,(anonymous_5)
FNDA:0,(anonymous_6)
FNDA:0,(anonymous_7)
FNDA:0,(anonymous_8)
FNDA:0,(anonymous_9)
FNDA:0,(anonymous_10)
FNDA:0,(anonymous_11)
FNDA:0,(anonymous_12)
FNDA:0,(anonymous_13)
DA:1,2
DA:2,2
DA:4,2
DA:5,2
DA:6,2
DA:7,2
DA:8,2
DA:9,2
DA:10,2
DA:11,2
DA:12,2
DA:15,2
DA:16,0
DA:26,2
DA:30,0
DA:31,0
DA:33,0
DA:34,0
DA:54,2
DA:56,0
DA:60,0
DA:64,0
DA:65,0
DA:66,0
DA:67,0
DA:72,0
DA:75,2
DA:76,0
DA:78,0
DA:80,0
DA:81,0
DA:82,0
DA:88,0
DA:90,0
DA:95,0
DA:108,0
DA:109,0
DA:110,0
DA:112,0
DA:113,0
DA:119,0
DA:120,0
DA:121,0
DA:124,2
DA:129,0
DA:131,0
DA:132,0
DA:135,0
DA:136,0
DA:138,0
DA:142,0
DA:145,0
DA:146,0
DA:149,0
DA:153,0
DA:156,0
DA:157,0
DA:160,0
DA:161,0
DA:166,0
DA:172,0
DA:173,0
DA:178,0
DA:182,2
DA:183,0
DA:185,0
DA:192,0
DA:198,0
DA:199,0
DA:204,0
DA:205,0
DA:211,0
DA:216,0
DA:219,2
DA:220,0
DA:221,0
DA:222,0
DA:225,2
DA:226,0
DA:227,0
DA:228,0
DA:231,2
DA:232,0
DA:237,0
DA:238,0
DA:241,2
DA:242,0
DA:247,0
DA:248,0
DA:251,2
LF:90
LH:22
BRDA:16,0,0,0
BRDA:16,0,1,0
BRDA:16,0,2,0
BRDA:16,0,3,0
BRDA:19,1,0,0
BRDA:19,1,1,0
BRDA:33,2,0,0
BRDA:33,2,1,0
BRDA:33,3,0,0
BRDA:33,3,1,0
BRDA:56,4,0,0
BRDA:56,4,1,0
BRDA:60,5,0,0
BRDA:60,5,1,0
BRDA:65,6,0,0
BRDA:65,6,1,0
BRDA:66,7,0,0
BRDA:66,7,1,0
BRDA:78,8,0,0
BRDA:78,8,1,0
BRDA:81,9,0,0
BRDA:81,9,1,0
BRDA:88,10,0,0
BRDA:88,10,1,0
BRDA:131,11,0,0
BRDA:131,11,1,0
BRDA:131,12,0,0
BRDA:131,12,1,0
BRDA:136,13,0,0
BRDA:136,13,1,0
BRDA:138,14,0,0
BRDA:138,14,1,0
BRDA:139,15,0,0
BRDA:139,15,1,0
BRDA:145,16,0,0
BRDA:145,16,1,0
BRDA:145,17,0,0
BRDA:145,17,1,0
BRDA:149,18,0,0
BRDA:149,18,1,0
BRDA:150,19,0,0
BRDA:150,19,1,0
BRDA:150,19,2,0
BRDA:150,19,3,0
BRDA:156,20,0,0
BRDA:156,20,1,0
BRDA:172,21,0,0
BRDA:172,21,1,0
BRDA:207,22,0,0
BRDA:207,22,1,0
BRDA:213,23,0,0
BRDA:213,23,1,0
BRDA:221,24,0,0
BRDA:221,24,1,0
BRDA:227,25,0,0
BRDA:227,25,1,0
BRDA:237,26,0,0
BRDA:237,26,1,0
BRDA:247,27,0,0
BRDA:247,27,1,0
BRF:60
BRH:0
end_of_record
TN:
SF:src\app\modules\user\user.validation.ts
FNF:0
FNH:0
DA:1,2
DA:2,2
DA:5,2
DA:16,2
DA:45,2
LF:5
LH:5
BRF:0
BRH:0
end_of_record
TN:
SF:src\app\routes\index.ts
FN:46,(anonymous_0)
FNF:1
FNH:1
FNDA:38,(anonymous_0)
DA:1,2
DA:2,2
DA:3,2
DA:4,2
DA:5,2
DA:6,2
DA:7,2
DA:8,2
DA:9,2
DA:10,2
DA:11,2
DA:12,2
DA:13,2
DA:14,2
DA:15,2
DA:16,2
DA:17,2
DA:18,2
DA:19,2
DA:20,2
DA:22,2
DA:24,2
DA:46,2
DA:47,38
DA:50,2
LF:25
LH:25
BRF:0
BRH:0
end_of_record
TN:
SF:src\app\services\identification.provider.ts
FN:64,(anonymous_1)
FN:73,(anonymous_2)
FNF:2
FNH:0
FNDA:0,(anonymous_1)
FNDA:0,(anonymous_2)
DA:1,3
DA:2,3
DA:4,3
DA:8,3
DA:9,3
DA:11,3
DA:64,3
DA:65,0
DA:73,3
DA:79,0
DA:81,0
DA:82,0
DA:83,0
DA:88,0
DA:90,0
DA:100,0
DA:101,0
DA:107,0
DA:109,0
DA:124,3
LF:20
LH:9
BRDA:65,0,0,0
BRDA:65,0,1,0
BRDA:79,1,0,0
BRDA:79,1,1,0
BRDA:82,2,0,0
BRDA:82,2,1,0
BRDA:102,3,0,0
BRDA:102,3,1,0
BRDA:112,4,0,0
BRDA:112,4,1,0
BRF:10
BRH:0
end_of_record
TN:
SF:src\app\services\imagegen.provider.ts
FN:116,(anonymous_1)
FN:145,(anonymous_2)
FN:148,(anonymous_3)
FN:150,(anonymous_4)
FN:178,(anonymous_5)
FN:219,(anonymous_6)
FN:255,(anonymous_7)
FN:261,(anonymous_8)
FN:269,(anonymous_9)
FN:273,(anonymous_10)
FN:322,(anonymous_11)
FNF:11
FNH:0
FNDA:0,(anonymous_1)
FNDA:0,(anonymous_2)
FNDA:0,(anonymous_3)
FNDA:0,(anonymous_4)
FNDA:0,(anonymous_5)
FNDA:0,(anonymous_6)
FNDA:0,(anonymous_7)
FNDA:0,(anonymous_8)
FNDA:0,(anonymous_9)
FNDA:0,(anonymous_10)
FNDA:0,(anonymous_11)
DA:1,2
DA:2,2
DA:3,2
DA:4,2
DA:6,2
DA:7,2
DA:35,2
DA:55,2
DA:63,2
DA:69,2
DA:91,2
DA:116,2
DA:117,0
DA:120,0
DA:122,0
DA:130,2
DA:133,2
DA:137,2
DA:140,2
DA:142,2
DA:145,2
DA:146,0
DA:148,2
DA:150,2
DA:151,0
DA:152,0
DA:157,0
DA:167,0
DA:178,2
DA:183,0
DA:191,0
DA:192,0
DA:193,0
DA:199,0
DA:203,0
DA:204,0
DA:210,0
DA:219,2
DA:225,0
DA:226,0
DA:227,0
DA:231,0
DA:232,0
DA:234,0
DA:255,2
DA:258,0
DA:260,0
DA:262,0
DA:269,0
DA:270,0
DA:273,0
DA:274,0
DA:275,0
DA:282,0
DA:283,0
DA:289,0
DA:322,2
DA:325,0
DA:334,0
DA:342,0
DA:343,0
DA:347,0
DA:351,0
DA:355,2
LF:64
LH:25
BRDA:120,0,0,0
BRDA:120,0,1,0
BRDA:146,1,0,0
BRDA:146,1,1,0
BRDA:151,2,0,0
BRDA:151,2,1,0
BRDA:159,3,0,0
BRDA:159,3,1,0
BRDA:181,4,0,0
BRDA:192,5,0,0
BRDA:192,5,1,0
BRDA:203,6,0,0
BRDA:203,6,1,0
BRDA:226,7,0,0
BRDA:226,7,1,0
BRDA:270,8,0,0
BRDA:270,8,1,0
BRDA:274,9,0,0
BRDA:274,9,1,0
BRDA:282,10,0,0
BRDA:282,10,1,0
BRDA:328,11,0,0
BRDA:328,11,1,0
BRDA:336,12,0,0
BRDA:336,12,1,0
BRF:25
BRH:0
end_of_record
TN:
SF:src\app\services\pricing.provider.ts
FN:57,(anonymous_0)
FN:61,(anonymous_1)
FN:93,(anonymous_2)
FN:122,(anonymous_3)
FN:172,(anonymous_4)
FN:204,(anonymous_5)
FN:228,(anonymous_6)
FNF:7
FNH:0
FNDA:0,(anonymous_0)
FNDA:0,(anonymous_1)
FNDA:0,(anonymous_2)
FNDA:0,(anonymous_3)
FNDA:0,(anonymous_4)
FNDA:0,(anonymous_5)
FNDA:0,(anonymous_6)
DA:1,2
DA:2,2
DA:3,2
DA:4,2
DA:5,2
DA:6,2
DA:7,2
DA:57,2
DA:58,0
DA:61,2
DA:66,0
DA:68,0
DA:69,0
DA:71,0
DA:72,0
DA:74,0
DA:93,2
DA:96,0
DA:97,0
DA:99,0
DA:100,0
DA:101,0
DA:103,0
DA:108,0
DA:109,0
DA:110,0
DA:111,0
DA:112,0
DA:115,0
DA:117,0
DA:119,0
DA:120,0
DA:122,0
DA:127,0
DA:128,0
DA:131,0
DA:132,0
DA:133,0
DA:135,0
DA:138,0
DA:140,0
DA:156,0
DA:172,2
DA:177,0
DA:179,0
DA:186,0
DA:188,0
DA:189,0
DA:194,0
DA:195,0
DA:196,0
DA:197,0
DA:198,0
DA:199,0
DA:202,0
DA:204,0
DA:208,0
DA:212,0
DA:213,0
DA:215,0
DA:227,0
DA:228,0
DA:232,2
LF:63
LH:12
BRDA:58,0,0,0
BRDA:58,0,1,0
BRDA:63,1,0,0
BRDA:66,2,0,0
BRDA:66,2,1,0
BRDA:69,3,0,0
BRDA:69,3,1,0
BRDA:72,4,0,0
BRDA:72,4,1,0
BRDA:97,5,0,0
BRDA:97,5,1,0
BRDA:99,6,0,0
BRDA:99,6,1,0
BRDA:110,7,0,0
BRDA:110,7,1,0
BRDA:133,8,0,0
BRDA:133,8,1,0
BRDA:138,9,0,0
BRDA:138,9,1,0
BRDA:174,10,0,0
BRDA:175,11,0,0
BRDA:177,12,0,0
BRDA:177,12,1,0
BRDA:189,13,0,0
BRDA:189,13,1,0
BRDA:189,14,0,0
BRDA:189,14,1,0
BRDA:196,15,0,0
BRDA:196,15,1,0
BRDA:197,16,0,0
BRDA:197,16,1,0
BRDA:208,17,0,0
BRDA:208,17,1,0
BRDA:213,18,0,0
BRDA:213,18,1,0
BRF:35
BRH:0
end_of_record
TN:
SF:src\app\services\scrydex.mock.ts
FN:40,(anonymous_1)
FN:43,(anonymous_2)
FN:46,(anonymous_3)
FN:50,(anonymous_4)
FN:108,(anonymous_5)
FN:111,(anonymous_6)
FN:121,(anonymous_7)
FNF:7
FNH:7
FNDA:3,(anonymous_1)
FNDA:3,(anonymous_2)
FNDA:1,(anonymous_3)
FNDA:3,(anonymous_4)
FNDA:1,(anonymous_5)
FNDA:3,(anonymous_6)
FNDA:2,(anonymous_7)
DA:1,3
DA:2,3
DA:3,3
DA:4,3
DA:5,3
DA:40,3
DA:43,3
DA:46,3
DA:49,3
DA:50,3
DA:51,3
DA:52,1
DA:53,1
DA:60,1
DA:67,3
DA:108,3
DA:109,1
DA:110,1
DA:111,3
DA:121,3
DA:122,2
DA:124,2
DA:125,2
DA:128,2
DA:129,2
DA:130,2
DA:131,2
DA:132,2
DA:134,2
DA:147,3
LF:30
LH:30
BRDA:46,0,0,1
BRDA:46,0,1,1
BRDA:51,1,0,2
BRDA:51,1,1,1
BRDA:54,2,0,0
BRDA:54,2,1,1
BRDA:55,3,0,0
BRDA:55,3,1,1
BRF:8
BRH:6
end_of_record
TN:
SF:src\app\services\stripe.service.ts
FN:16,(anonymous_1)
FN:27,(anonymous_2)
FN:37,(anonymous_3)
FNF:3
FNH:0
FNDA:0,(anonymous_1)
FNDA:0,(anonymous_2)
FNDA:0,(anonymous_3)
DA:1,2
DA:2,2
DA:3,2
DA:4,2
DA:14,2
DA:16,2
DA:17,0
DA:18,0
DA:23,0
DA:24,0
DA:27,2
DA:28,0
DA:37,2
DA:41,0
DA:42,0
DA:48,0
DA:49,0
DA:57,0
LF:18
LH:8
BRDA:17,0,0,0
BRDA:17,0,1,0
BRDA:41,1,0,0
BRDA:41,1,1,0
BRF:4
BRH:0
end_of_record
TN:
SF:src\app\services\grading\grading.types.ts
FN:32,(anonymous_0)
FN:39,(anonymous_1)
FN:300,(anonymous_2)
FN:308,(anonymous_3)
FN:311,(anonymous_4)
FN:323,(anonymous_5)
FN:329,(anonymous_6)
FN:350,(anonymous_7)
FN:359,(anonymous_8)
FN:366,(anonymous_9)
FN:381,(anonymous_10)
FN:408,(anonymous_11)
FNF:12
FNH:8
FNDA:3,(anonymous_0)
FNDA:3,(anonymous_1)
FNDA:0,(anonymous_2)
FNDA:0,(anonymous_3)
FNDA:45,(anonymous_4)
FNDA:5,(anonymous_5)
FNDA:4,(anonymous_6)
FNDA:5,(anonymous_7)
FNDA:0,(anonymous_8)
FNDA:5,(anonymous_9)
FNDA:5,(anonymous_10)
FNDA:0,(anonymous_11)
DA:1,3
DA:2,3
DA:32,3
DA:33,3
DA:34,3
DA:35,3
DA:36,3
DA:39,3
DA:40,3
DA:41,3
DA:42,3
DA:112,3
DA:251,3
DA:300,3
DA:301,0
DA:308,0
DA:311,3
DA:312,45
DA:323,3
DA:324,5
DA:326,2
DA:327,2
DA:329,2
DA:330,4
DA:331,4
DA:333,4
DA:334,4
DA:335,4
DA:336,2
DA:339,2
DA:350,3
DA:352,5
DA:356,5
DA:359,0
DA:366,3
DA:368,5
DA:372,5
DA:373,5
DA:375,5
DA:381,3
DA:385,5
DA:408,3
DA:409,0
LF:43
LH:39
BRDA:32,0,0,3
BRDA:32,0,1,3
BRDA:39,1,0,3
BRDA:39,1,1,3
BRDA:302,2,0,0
BRDA:302,2,1,0
BRDA:303,3,0,0
BRDA:303,3,1,0
BRDA:324,4,0,3
BRDA:324,4,1,2
BRDA:330,5,0,0
BRDA:330,5,1,4
BRDA:330,6,0,4
BRDA:330,6,1,4
BRDA:333,7,0,4
BRDA:333,7,1,0
BRDA:334,8,0,4
BRDA:334,8,1,0
BRDA:335,9,0,2
BRDA:335,9,1,2
BRDA:335,10,0,4
BRDA:335,10,1,3
BRDA:343,11,0,2
BRDA:343,11,1,0
BRDA:344,12,0,2
BRDA:344,12,1,0
BRDA:352,13,0,0
BRDA:352,13,1,5
BRDA:352,14,0,5
BRDA:352,14,1,0
BRDA:357,15,0,5
BRDA:357,15,1,5
BRDA:358,16,0,0
BRDA:358,16,1,5
BRDA:368,17,0,0
BRDA:368,17,1,5
BRDA:368,18,0,5
BRDA:368,18,1,0
BRDA:376,19,0,0
BRDA:376,19,1,5
BRDA:377,20,0,0
BRDA:377,20,1,5
BRDA:393,21,0,5
BRDA:393,21,1,0
BRDA:409,22,0,0
BRDA:409,22,1,0
BRF:46
BRH:27
end_of_record
TN:
SF:src\app\services\grading\index.ts
FNF:0
FNH:0
DA:1,2
DA:2,2
DA:14,2
LF:3
LH:3
BRF:0
BRH:0
end_of_record
TN:
SF:src\app\services\grading\openai.provider.ts
FN:33,(anonymous_1)
FN:35,(anonymous_2)
FN:46,(anonymous_3)
FN:68,(anonymous_4)
FNF:4
FNH:0
FNDA:0,(anonymous_1)
FNDA:0,(anonymous_2)
FNDA:0,(anonymous_3)
FNDA:0,(anonymous_4)
DA:1,2
DA:2,2
DA:3,2
DA:4,2
DA:5,2
DA:31,2
DA:33,2
DA:35,2
DA:36,0
DA:37,0
DA:42,0
DA:43,0
DA:46,2
DA:47,0
DA:48,0
DA:51,0
DA:69,0
DA:77,0
DA:81,0
DA:82,0
DA:89,0
DA:90,0
DA:96,0
DA:97,0
DA:98,0
DA:105,0
DA:106,0
DA:108,0
DA:114,0
DA:117,2
LF:30
LH:10
BRDA:36,0,0,0
BRDA:36,0,1,0
BRDA:47,1,0,0
BRDA:47,1,1,0
BRDA:81,2,0,0
BRDA:81,2,1,0
BRDA:89,3,0,0
BRDA:89,3,1,0
BRDA:97,4,0,0
BRDA:97,4,1,0
BRF:10
BRH:0
end_of_record
TN:
SF:src\app\services\scrydex\scrydex.catalogue.ts
FN:27,(anonymous_0)
FN:40,(anonymous_1)
FN:68,(anonymous_2)
FN:82,(anonymous_3)
FN:133,(anonymous_4)
FN:170,(anonymous_5)
FNF:6
FNH:0
FNDA:0,(anonymous_0)
FNDA:0,(anonymous_1)
FNDA:0,(anonymous_2)
FNDA:0,(anonymous_3)
FNDA:0,(anonymous_4)
FNDA:0,(anonymous_5)
DA:2,2
DA:3,2
DA:25,2
DA:27,2
DA:28,0
DA:29,0
DA:30,0
DA:40,2
DA:44,0
DA:46,0
DA:55,0
DA:56,0
DA:57,0
DA:68,2
DA:72,0
DA:73,0
DA:75,0
DA:76,0
DA:78,0
DA:82,0
DA:84,0
DA:99,0
DA:100,0
DA:104,0
DA:121,2
DA:133,2
DA:139,0
DA:140,0
DA:142,0
DA:143,0
DA:151,0
DA:152,0
DA:156,0
DA:159,0
DA:170,2
DA:175,0
DA:177,0
DA:192,0
DA:195,2
LF:39
LH:10
BRDA:56,0,0,0
BRDA:56,0,1,0
BRDA:57,1,0,0
BRDA:57,1,1,0
BRDA:57,2,0,0
BRDA:57,2,1,0
BRDA:76,3,0,0
BRDA:76,3,1,0
BRDA:99,4,0,0
BRDA:99,4,1,0
BRDA:100,5,0,0
BRDA:100,5,1,0
BRDA:136,6,0,0
BRDA:137,7,0,0
BRDA:151,8,0,0
BRDA:151,8,1,0
BRDA:156,9,0,0
BRDA:156,9,1,0
BRDA:173,10,0,0
BRDA:184,11,0,0
BRDA:184,11,1,0
BRDA:185,12,0,0
BRDA:185,12,1,0
BRDA:186,13,0,0
BRDA:186,13,1,0
BRDA:192,14,0,0
BRDA:192,14,1,0
BRDA:192,15,0,0
BRDA:192,15,1,0
BRF:29
BRH:0
end_of_record
TN:
SF:src\app\services\scrydex\scrydex.client.ts
FN:43,(anonymous_1)
FN:53,(anonymous_2)
FN:62,(anonymous_3)
FN:87,(anonymous_4)
FN:131,(anonymous_5)
FN:175,(anonymous_6)
FN:189,(anonymous_7)
FN:202,(anonymous_8)
FNF:8
FNH:0
FNDA:0,(anonymous_1)
FNDA:0,(anonymous_2)
FNDA:0,(anonymous_3)
FNDA:0,(anonymous_4)
FNDA:0,(anonymous_5)
FNDA:0,(anonymous_6)
FNDA:0,(anonymous_7)
FNDA:0,(anonymous_8)
DA:1,3
DA:2,3
DA:3,3
DA:4,3
DA:27,3
DA:30,3
DA:43,3
DA:44,0
DA:53,3
DA:54,0
DA:56,0
DA:62,3
DA:66,0
DA:71,0
DA:72,0
DA:73,0
DA:76,0
DA:87,3
DA:92,0
DA:94,0
DA:100,0
DA:106,0
DA:107,0
DA:110,0
DA:111,0
DA:117,0
DA:131,3
DA:135,0
DA:137,0
DA:139,0
DA:140,0
DA:143,0
DA:144,0
DA:157,0
DA:163,0
DA:165,0
DA:174,0
DA:175,0
DA:176,0
DA:179,0
DA:189,3
DA:190,0
DA:194,0
DA:196,0
DA:202,0
DA:211,3
LF:46
LH:13
BRDA:44,0,0,0
BRDA:44,0,1,0
BRDA:54,1,0,0
BRDA:54,1,1,0
BRDA:67,2,0,0
BRDA:67,2,1,0
BRDA:71,3,0,0
BRDA:71,3,1,0
BRDA:72,4,0,0
BRDA:72,4,1,0
BRDA:72,5,0,0
BRDA:72,5,1,0
BRDA:94,6,0,0
BRDA:94,6,1,0
BRDA:94,7,0,0
BRDA:94,7,1,0
BRDA:106,8,0,0
BRDA:106,8,1,0
BRDA:110,9,0,0
BRDA:110,9,1,0
BRDA:135,10,0,0
BRDA:135,11,0,0
BRDA:149,12,0,0
BRDA:149,12,1,0
BRDA:151,13,0,0
BRDA:151,13,1,0
BRDA:163,14,0,0
BRDA:163,14,1,0
BRDA:174,15,0,0
BRDA:174,15,1,0
BRDA:194,16,0,0
BRDA:194,16,1,0
BRDA:197,17,0,0
BRDA:197,17,1,0
BRDA:198,18,0,0
BRDA:198,18,1,0
BRDA:199,19,0,0
BRDA:199,19,1,0
BRDA:200,20,0,0
BRDA:200,20,1,0
BRDA:201,21,0,0
BRDA:201,21,1,0
BRDA:202,22,0,0
BRDA:202,22,1,0
BRDA:203,23,0,0
BRDA:203,23,1,0
BRDA:204,24,0,0
BRDA:204,24,1,0
BRF:48
BRH:0
end_of_record
TN:
SF:src\app\services\scrydex\scrydex.games.ts
FN:93,(anonymous_1)
FN:118,(anonymous_2)
FN:124,(anonymous_3)
FN:126,(anonymous_4)
FNF:4
FNH:2
FNDA:5,(anonymous_1)
FNDA:1,(anonymous_2)
FNDA:0,(anonymous_3)
FNDA:0,(anonymous_4)
DA:1,4
DA:2,4
DA:3,4
DA:44,4
DA:78,4
DA:93,4
DA:94,5
DA:96,5
DA:97,0
DA:100,5
DA:101,2
DA:107,3
DA:108,1
DA:114,2
DA:118,4
DA:119,1
DA:120,1
DA:124,4
DA:125,0
DA:126,0
LF:20
LH:17
BRDA:96,0,0,0
BRDA:96,0,1,5
BRDA:100,1,0,2
BRDA:100,1,1,3
BRDA:107,2,0,1
BRDA:107,2,1,2
BRF:6
BRH:5
end_of_record
TN:
SF:src\app\services\scrydex\scrydex.mapper.ts
FN:46,(anonymous_0)
FN:59,(anonymous_1)
FN:61,(anonymous_2)
FN:66,(anonymous_3)
FN:92,(anonymous_4)
FN:98,(anonymous_5)
FN:104,(anonymous_6)
FN:105,(anonymous_7)
FN:113,(anonymous_8)
FN:164,(anonymous_9)
FN:186,(anonymous_10)
FN:197,(anonymous_11)
FN:200,(anonymous_12)
FN:204,(anonymous_13)
FN:206,(anonymous_14)
FN:211,(anonymous_15)
FN:225,(anonymous_16)
FN:227,(anonymous_17)
FN:232,(anonymous_18)
FN:238,(anonymous_19)
FN:268,(anonymous_20)
FN:279,(anonymous_21)
FN:288,(anonymous_22)
FN:289,(anonymous_23)
FNF:24
FNH:24
FNDA:9,(anonymous_0)
FNDA:8,(anonymous_1)
FNDA:4,(anonymous_2)
FNDA:6,(anonymous_3)
FNDA:4,(anonymous_4)
FNDA:6,(anonymous_5)
FNDA:6,(anonymous_6)
FNDA:5,(anonymous_7)
FNDA:1,(anonymous_8)
FNDA:42,(anonymous_9)
FNDA:25,(anonymous_10)
FNDA:19,(anonymous_11)
FNDA:16,(anonymous_12)
FNDA:9,(anonymous_13)
FNDA:19,(anonymous_14)
FNDA:8,(anonymous_15)
FNDA:1,(anonymous_16)
FNDA:2,(anonymous_17)
FNDA:1,(anonymous_18)
FNDA:24,(anonymous_19)
FNDA:12,(anonymous_20)
FNDA:8,(anonymous_21)
FNDA:22,(anonymous_22)
FNDA:12,(anonymous_23)
DA:1,4
DA:46,4
DA:47,9
DA:48,5
DA:49,5
DA:59,4
DA:60,8
DA:61,8
DA:62,8
DA:66,4
DA:73,6
DA:75,5
DA:92,4
DA:97,4
DA:99,6
DA:104,6
DA:105,5
DA:113,4
DA:126,4
DA:141,4
DA:162,4
DA:164,4
DA:165,42
DA:186,4
DA:187,25
DA:188,25
DA:197,4
DA:198,19
DA:200,4
DA:201,16
DA:204,4
DA:205,9
DA:206,19
DA:209,9
DA:211,7
DA:212,8
DA:225,4
DA:226,1
DA:227,2
DA:230,1
DA:232,1
DA:233,1
DA:238,4
DA:239,24
DA:241,24
DA:243,14
DA:247,14
DA:268,4
DA:272,12
DA:273,12
DA:275,10
DA:276,10
DA:278,10
DA:279,8
DA:285,10
DA:288,22
DA:289,12
DA:292,10
DA:293,10
DA:294,10
DA:296,8
DA:297,8
DA:299,8
DA:301,8
DA:314,2
LF:65
LH:65
BRDA:47,0,0,4
BRDA:47,0,1,5
BRDA:49,1,0,4
BRDA:49,1,1,1
BRDA:49,2,0,5
BRDA:49,2,1,4
BRDA:60,3,0,8
BRDA:60,3,1,3
BRDA:61,4,0,8
BRDA:61,4,1,4
BRDA:62,5,0,8
BRDA:62,5,1,5
BRDA:62,5,2,5
BRDA:69,6,0,0
BRDA:73,7,0,1
BRDA:73,7,1,5
BRDA:77,8,0,5
BRDA:77,8,1,1
BRDA:84,9,0,5
BRDA:84,9,1,3
BRDA:88,10,0,5
BRDA:88,10,1,0
BRDA:100,11,0,6
BRDA:100,11,1,0
BRDA:107,12,0,5
BRDA:107,12,1,3
BRDA:165,13,0,42
BRDA:165,13,1,6
BRDA:187,14,0,25
BRDA:187,14,1,0
BRDA:187,14,2,0
BRDA:187,14,3,0
BRDA:188,15,0,25
BRDA:188,15,1,0
BRDA:188,16,0,25
BRDA:188,16,1,25
BRDA:198,17,0,19
BRDA:198,17,1,18
BRDA:198,17,2,17
BRDA:201,18,0,16
BRDA:201,18,1,0
BRDA:201,19,0,16
BRDA:201,19,1,0
BRDA:205,20,0,9
BRDA:205,20,1,0
BRDA:206,21,0,19
BRDA:206,21,1,17
BRDA:206,22,0,19
BRDA:206,22,1,0
BRDA:209,23,0,2
BRDA:209,23,1,7
BRDA:212,24,0,0
BRDA:212,24,1,8
BRDA:226,25,0,1
BRDA:226,25,1,0
BRDA:227,26,0,2
BRDA:227,26,1,2
BRDA:230,27,0,0
BRDA:230,27,1,1
BRDA:233,28,0,1
BRDA:233,28,1,0
BRDA:233,29,0,1
BRDA:233,29,1,0
BRDA:233,30,0,1
BRDA:233,30,1,0
BRDA:241,31,0,10
BRDA:241,31,1,14
BRDA:247,32,0,0
BRDA:247,32,1,14
BRDA:270,33,0,7
BRDA:272,34,0,12
BRDA:272,34,1,1
BRDA:273,35,0,2
BRDA:273,35,1,10
BRDA:276,36,0,1
BRDA:276,36,1,9
BRDA:278,37,0,4
BRDA:278,37,1,6
BRDA:286,38,0,4
BRDA:286,38,1,6
BRDA:294,39,0,2
BRDA:294,39,1,8
BRDA:297,40,0,0
BRDA:297,40,1,8
BRDA:303,41,0,8
BRDA:303,41,1,0
BRDA:304,42,0,1
BRDA:304,42,1,7
BRDA:305,43,0,1
BRDA:305,43,1,7
BRDA:307,44,0,1
BRDA:307,44,1,7
BRDA:307,45,0,8
BRDA:307,45,1,1
BRDA:308,46,0,1
BRDA:308,46,1,0
BRF:96
BRH:75
end_of_record
TN:
SF:src\app\utils\QueryBuilder.ts
FN:8,(anonymous_0)
FN:13,(anonymous_1)
FN:26,(anonymous_2)
FN:29,(anonymous_3)
FN:36,(anonymous_4)
FN:42,(anonymous_5)
FN:48,(anonymous_6)
FN:56,(anonymous_7)
FN:60,(anonymous_8)
FNF:9
FNH:0
FNDA:0,(anonymous_0)
FNDA:0,(anonymous_1)
FNDA:0,(anonymous_2)
FNDA:0,(anonymous_3)
FNDA:0,(anonymous_4)
FNDA:0,(anonymous_5)
FNDA:0,(anonymous_6)
FNDA:0,(anonymous_7)
FNDA:0,(anonymous_8)
DA:2,4
DA:4,4
DA:9,0
DA:10,0
DA:14,0
DA:16,0
DA:18,0
DA:21,0
DA:23,0
DA:27,0
DA:28,0
DA:29,0
DA:33,0
DA:37,0
DA:38,0
DA:39,0
DA:43,0
DA:44,0
DA:45,0
DA:49,0
DA:50,0
DA:51,0
DA:52,0
DA:53,0
DA:57,0
DA:62,0
DA:65,0
DA:66,0
DA:67,0
DA:68,0
LF:30
LH:2
BRDA:27,0,0,0
BRDA:27,0,1,0
BRDA:37,1,0,0
BRDA:37,1,1,0
BRDA:43,2,0,0
BRDA:43,2,1,0
BRDA:49,3,0,0
BRDA:49,3,1,0
BRDA:50,4,0,0
BRDA:50,4,1,0
BRDA:65,5,0,0
BRDA:65,5,1,0
BRDA:66,6,0,0
BRDA:66,6,1,0
BRF:14
BRH:0
end_of_record
TN:
SF:src\app\utils\catchAsync.ts
FN:3,(anonymous_0)
FN:4,(anonymous_1)
FNF:2
FNH:1
FNDA:176,(anonymous_0)
FNDA:0,(anonymous_1)
DA:3,2
DA:4,176
DA:5,0
DA:9,2
LF:4
LH:3
BRF:0
BRH:0
end_of_record
TN:
SF:src\app\utils\cronLock.ts
FN:24,(anonymous_1)
FNF:1
FNH:0
FNDA:0,(anonymous_1)
DA:1,0
DA:2,0
DA:3,0
DA:24,0
DA:29,0
DA:30,0
DA:33,0
DA:34,0
DA:39,0
DA:40,0
DA:41,0
DA:44,0
DA:46,0
DA:47,0
DA:49,0
DA:51,0
DA:52,0
DA:54,0
LF:18
LH:0
BRDA:44,0,0,0
BRDA:44,0,1,0
BRDA:52,1,0,0
BRDA:52,1,1,0
BRF:4
BRH:0
end_of_record
TN:
SF:src\app\utils\dateWindows.ts
FN:12,(anonymous_0)
FN:20,(anonymous_1)
FN:31,(anonymous_2)
FNF:3
FNH:3
FNDA:10,(anonymous_0)
FNDA:9,(anonymous_1)
FNDA:7,(anonymous_2)
DA:12,3
DA:13,10
DA:14,10
DA:20,3
DA:21,9
DA:31,3
DA:35,7
DA:36,5
LF:8
LH:8
BRDA:12,0,0,1
BRDA:35,1,0,2
BRDA:35,1,1,5
BRF:3
BRH:3
end_of_record
TN:
SF:src\app\utils\jwt.ts
FN:3,(anonymous_1)
FN:14,(anonymous_2)
FNF:2
FNH:0
FNDA:0,(anonymous_1)
FNDA:0,(anonymous_2)
DA:1,3
DA:3,3
DA:8,0
DA:11,0
DA:14,3
DA:15,0
DA:17,0
LF:7
LH:3
BRF:0
BRH:0
end_of_record
TN:
SF:src\app\utils\logger.ts
FN:9,(anonymous_1)
FNF:1
FNH:1
FNDA:18,(anonymous_1)
DA:1,4
DA:3,4
DA:5,4
DA:10,18
DA:11,18
DA:15,4
DA:17,4
DA:18,4
DA:20,4
LF:9
LH:9
BRDA:10,0,0,0
BRDA:10,0,1,18
BRDA:11,1,0,18
BRDA:11,1,1,18
BRDA:21,2,0,0
BRDA:21,2,1,4
BRDA:22,3,0,0
BRDA:22,3,1,4
BRDA:25,4,0,0
BRDA:25,4,1,4
BRF:10
BRH:6
end_of_record
TN:
SF:src\app\utils\sendEmail.ts
FN:35,(anonymous_1)
FN:54,(anonymous_2)
FNF:2
FNH:0
FNDA:0,(anonymous_1)
FNDA:0,(anonymous_2)
DA:2,3
DA:3,3
DA:4,3
DA:5,3
DA:6,3
DA:7,3
DA:9,3
DA:10,3
DA:12,3
DA:35,3
DA:42,0
DA:43,0
DA:48,0
DA:49,0
DA:54,0
DA:60,0
DA:62,0
DA:68,0
LF:18
LH:10
BRDA:9,0,0,3
BRDA:9,0,1,3
BRDA:50,1,0,0
BRDA:50,1,1,0
BRF:4
BRH:2
end_of_record
TN:
SF:src\app\utils\sendResponse.ts
FN:18,sendResponse
FNF:1
FNH:0
FNDA:0,sendResponse
DA:18,2
DA:19,0
LF:2
LH:1
BRF:0
BRH:0
end_of_record
TN:
SF:src\app\utils\setCookie.ts
FN:24,(anonymous_0)
FN:54,(anonymous_1)
FN:86,(anonymous_2)
FNF:3
FNH:1
FNDA:9,(anonymous_0)
FNDA:0,(anonymous_1)
FNDA:0,(anonymous_2)
DA:2,3
DA:17,3
DA:24,3
DA:25,9
DA:26,9
DA:28,6
DA:29,6
DA:31,5
DA:32,5
DA:35,3
DA:54,3
DA:55,0
DA:57,0
DA:64,0
DA:65,0
DA:71,0
DA:72,0
DA:86,3
DA:87,0
DA:89,0
DA:96,0
DA:97,0
LF:22
LH:12
BRDA:26,0,0,3
BRDA:26,0,1,6
BRDA:29,1,0,1
BRDA:29,1,1,5
BRDA:29,2,0,6
BRDA:29,2,1,6
BRDA:31,3,0,5
BRDA:31,3,1,1
BRDA:32,4,0,5
BRDA:32,4,1,0
BRDA:60,5,0,0
BRDA:60,5,1,0
BRDA:64,6,0,0
BRDA:64,6,1,0
BRDA:71,7,0,0
BRDA:71,7,1,0
BRDA:92,8,0,0
BRDA:92,8,1,0
BRF:18
BRH:9
end_of_record
TN:
SF:src\app\utils\userTokens.ts
FN:9,(anonymous_1)
FN:31,(anonymous_2)
FNF:2
FNH:0
FNDA:0,(anonymous_1)
FNDA:0,(anonymous_2)
DA:1,2
DA:3,2
DA:4,2
DA:6,2
DA:7,2
DA:9,2
DA:10,0
DA:16,0
DA:22,0
DA:28,0
DA:31,2
DA:34,0
DA:39,0
DA:41,0
DA:42,0
DA:44,0
DA:45,0
DA:47,0
DA:48,0
DA:51,0
DA:57,0
LF:21
LH:7
BRDA:41,0,0,0
BRDA:41,0,1,0
BRDA:44,1,0,0
BRDA:44,1,1,0
BRDA:47,2,0,0
BRDA:47,2,1,0
BRF:6
BRH:0
end_of_record
TN:
SF:src\socket\socket.ts
FN:20,(anonymous_0)
FN:40,(anonymous_1)
FN:53,(anonymous_2)
FN:60,(anonymous_3)
FN:64,(anonymous_4)
FN:69,(anonymous_5)
FN:73,(anonymous_6)
FN:77,(anonymous_7)
FN:85,(anonymous_8)
FN:94,(anonymous_9)
FN:106,(anonymous_10)
FNF:11
FNH:0
FNDA:0,(anonymous_0)
FNDA:0,(anonymous_1)
FNDA:0,(anonymous_2)
FNDA:0,(anonymous_3)
FNDA:0,(anonymous_4)
FNDA:0,(anonymous_5)
FNDA:0,(anonymous_6)
FNDA:0,(anonymous_7)
FNDA:0,(anonymous_8)
FNDA:0,(anonymous_9)
FNDA:0,(anonymous_10)
DA:1,3
DA:4,3
DA:5,3
DA:6,3
DA:7,3
DA:11,3
DA:12,3
DA:20,3
DA:21,0
DA:29,0
DA:30,0
DA:32,0
DA:33,0
DA:35,0
DA:36,0
DA:37,0
DA:40,0
DA:41,0
DA:42,0
DA:44,0
DA:45,0
DA:46,0
DA:47,0
DA:49,0
DA:53,0
DA:54,0
DA:57,0
DA:60,0
DA:61,0
DA:64,0
DA:65,0
DA:69,0
DA:70,0
DA:73,0
DA:74,0
DA:77,0
DA:78,0
DA:82,0
DA:85,3
DA:86,0
DA:87,0
DA:94,3
DA:95,0
DA:96,0
DA:106,3
DA:107,0
DA:108,0
LF:47
LH:11
BRDA:23,0,0,0
BRDA:23,0,1,0
BRDA:42,1,0,0
BRDA:42,1,1,0
BRDA:86,2,0,0
BRDA:86,2,1,0
BRF:6
BRH:0
end_of_record
